<?xml version="1.0" encoding="UTF-8"?>
<coverage generated="1766499622653" clover="3.2.0">
  <project timestamp="1766499622653" name="All files">
    <metrics statements="454" coveredstatements="418" conditionals="152" coveredconditionals="97" methods="183" coveredmethods="168" elements="789" coveredelements="683" complexity="0" loc="454" ncloc="454" packages="8" files="44" classes="44"/>
    <package name="lib.assets">
      <metrics statements="0" coveredstatements="0" conditionals="0" coveredconditionals="0" methods="0" coveredmethods="0"/>
      <file name="feature_dev.jpg" path="C:\Users\jorcleme\projects\dev-2-portfolio\src\lib\assets\feature_dev.jpg">
        <metrics statements="0" coveredstatements="0" conditionals="0" coveredconditionals="0" methods="0" coveredmethods="0"/>
      </file>
    </package>
    <package name="lib.components.common">
      <metrics statements="62" coveredstatements="56" conditionals="48" coveredconditionals="28" methods="25" coveredmethods="24"/>
      <file name="FeatureCard.svelte" path="C:\Users\jorcleme\projects\dev-2-portfolio\src\lib\components\common\FeatureCard.svelte">
        <metrics statements="3" coveredstatements="3" conditionals="4" coveredconditionals="3" methods="1" coveredmethods="1"/>
        <line num="10" count="12" type="stmt"/>
        <line num="13" count="12" type="stmt"/>
        <line num="20" count="12" type="stmt"/>
      </file>
      <file name="FloatingBackground.svelte" path="C:\Users\jorcleme\projects\dev-2-portfolio\src\lib\components\common\FloatingBackground.svelte">
        <metrics statements="3" coveredstatements="3" conditionals="2" coveredconditionals="1" methods="1" coveredmethods="1"/>
        <line num="3" count="4" type="stmt"/>
        <line num="6" count="4" type="stmt"/>
        <line num="7" count="4" type="cond" truecount="1" falsecount="1"/>
      </file>
      <file name="GlassCard.svelte" path="C:\Users\jorcleme\projects\dev-2-portfolio\src\lib\components\common\GlassCard.svelte">
        <metrics statements="4" coveredstatements="4" conditionals="6" coveredconditionals="4" methods="1" coveredmethods="1"/>
        <line num="14" count="80" type="stmt"/>
        <line num="15" count="80" type="stmt"/>
        <line num="16" count="80" type="stmt"/>
        <line num="33" count="80" type="stmt"/>
      </file>
      <file name="ImagePreview.svelte" path="C:\Users\jorcleme\projects\dev-2-portfolio\src\lib\components\common\ImagePreview.svelte">
        <metrics statements="15" coveredstatements="15" conditionals="6" coveredconditionals="4" methods="6" coveredmethods="6"/>
        <line num="21" count="27" type="stmt"/>
        <line num="23" count="27" type="stmt"/>
        <line num="24" count="27" type="stmt"/>
        <line num="27" count="5" type="stmt"/>
        <line num="28" count="5" type="stmt"/>
        <line num="31" count="1" type="stmt"/>
        <line num="36" count="3" type="cond" truecount="1" falsecount="1"/>
        <line num="37" count="3" type="stmt"/>
        <line num="39" count="3" type="stmt"/>
        <line num="54" count="27" type="stmt"/>
        <line num="64" count="27" type="stmt"/>
        <line num="67" count="49" type="cond" truecount="2" falsecount="0"/>
        <line num="68" count="17" type="stmt"/>
        <line num="72" count="17" type="stmt"/>
        <line num="76" count="17" type="stmt"/>
      </file>
      <file name="ScrollReveal.svelte" path="C:\Users\jorcleme\projects\dev-2-portfolio\src\lib\components\common\ScrollReveal.svelte">
        <metrics statements="15" coveredstatements="13" conditionals="12" coveredconditionals="6" methods="7" coveredmethods="7"/>
        <line num="12" count="24" type="stmt"/>
        <line num="14" count="24" type="stmt"/>
        <line num="15" count="24" type="stmt"/>
        <line num="24" count="24" type="stmt"/>
        <line num="27" count="6" type="stmt"/>
        <line num="28" count="6" type="cond" truecount="1" falsecount="1"/>
        <line num="29" count="0" type="stmt"/>
        <line num="30" count="0" type="stmt"/>
        <line num="40" count="24" type="cond" truecount="1" falsecount="1"/>
        <line num="41" count="24" type="stmt"/>
        <line num="44" count="24" type="stmt"/>
        <line num="45" count="18" type="cond" truecount="1" falsecount="1"/>
        <line num="46" count="18" type="stmt"/>
        <line num="52" count="42" type="cond" truecount="1" falsecount="1"/>
        <line num="53" count="42" type="stmt"/>
      </file>
      <file name="StatBadge.svelte" path="C:\Users\jorcleme\projects\dev-2-portfolio\src\lib\components\common\StatBadge.svelte">
        <metrics statements="4" coveredstatements="4" conditionals="4" coveredconditionals="4" methods="1" coveredmethods="1"/>
        <line num="9" count="8" type="stmt"/>
        <line num="12" count="8" type="cond" truecount="2" falsecount="0"/>
        <line num="13" count="8" type="stmt"/>
        <line num="20" count="8" type="stmt"/>
      </file>
      <file name="Tooltip.svelte" path="C:\Users\jorcleme\projects\dev-2-portfolio\src\lib\components\common\Tooltip.svelte">
        <metrics statements="18" coveredstatements="14" conditionals="14" coveredconditionals="6" methods="8" coveredmethods="7"/>
        <line num="20" count="20" type="stmt"/>
        <line num="21" count="0" type="stmt"/>
        <line num="22" count="20" type="stmt"/>
        <line num="23" count="20" type="stmt"/>
        <line num="24" count="20" type="stmt"/>
        <line num="25" count="20" type="stmt"/>
        <line num="26" count="20" type="stmt"/>
        <line num="27" count="20" type="stmt"/>
        <line num="34" count="20" type="stmt"/>
        <line num="35" count="20" type="cond" truecount="3" falsecount="1"/>
        <line num="36" count="20" type="cond" truecount="1" falsecount="1"/>
        <line num="37" count="0" type="stmt"/>
        <line num="50" count="0" type="cond" truecount="0" falsecount="4"/>
        <line num="51" count="0" type="stmt"/>
        <line num="55" count="20" type="stmt"/>
        <line num="56" count="15" type="cond" truecount="1" falsecount="1"/>
        <line num="57" count="15" type="stmt"/>
        <line num="62" count="35" type="stmt"/>
      </file>
    </package>
    <package name="lib.components.icons">
      <metrics statements="46" coveredstatements="46" conditionals="0" coveredconditionals="0" methods="46" coveredmethods="46"/>
      <file name="Basketball.svelte" path="C:\Users\jorcleme\projects\dev-2-portfolio\src\lib\components\icons\Basketball.svelte">
        <metrics statements="2" coveredstatements="2" conditionals="0" coveredconditionals="0" methods="2" coveredmethods="2"/>
        <line num="6" count="4" type="stmt"/>
        <line num="9" count="4" type="stmt"/>
      </file>
      <file name="Bicycle.svelte" path="C:\Users\jorcleme\projects\dev-2-portfolio\src\lib\components\icons\Bicycle.svelte">
        <metrics statements="2" coveredstatements="2" conditionals="0" coveredconditionals="0" methods="2" coveredmethods="2"/>
        <line num="5" count="4" type="stmt"/>
        <line num="8" count="4" type="stmt"/>
      </file>
      <file name="Building.svelte" path="C:\Users\jorcleme\projects\dev-2-portfolio\src\lib\components\icons\Building.svelte">
        <metrics statements="2" coveredstatements="2" conditionals="0" coveredconditionals="0" methods="2" coveredmethods="2"/>
        <line num="5" count="12" type="stmt"/>
        <line num="8" count="12" type="stmt"/>
      </file>
      <file name="Calendar.svelte" path="C:\Users\jorcleme\projects\dev-2-portfolio\src\lib\components\icons\Calendar.svelte">
        <metrics statements="2" coveredstatements="2" conditionals="0" coveredconditionals="0" methods="2" coveredmethods="2"/>
        <line num="5" count="16" type="stmt"/>
        <line num="8" count="16" type="stmt"/>
      </file>
      <file name="ChatBot.svelte" path="C:\Users\jorcleme\projects\dev-2-portfolio\src\lib\components\icons\ChatBot.svelte">
        <metrics statements="2" coveredstatements="2" conditionals="0" coveredconditionals="0" methods="2" coveredmethods="2"/>
        <line num="6" count="4" type="stmt"/>
        <line num="9" count="4" type="stmt"/>
      </file>
      <file name="CheckMarkFilled.svelte" path="C:\Users\jorcleme\projects\dev-2-portfolio\src\lib\components\icons\CheckMarkFilled.svelte">
        <metrics statements="2" coveredstatements="2" conditionals="0" coveredconditionals="0" methods="2" coveredmethods="2"/>
        <line num="5" count="4" type="stmt"/>
        <line num="8" count="4" type="stmt"/>
      </file>
      <file name="Code.svelte" path="C:\Users\jorcleme\projects\dev-2-portfolio\src\lib\components\icons\Code.svelte">
        <metrics statements="2" coveredstatements="2" conditionals="0" coveredconditionals="0" methods="2" coveredmethods="2"/>
        <line num="5" count="4" type="stmt"/>
        <line num="8" count="4" type="stmt"/>
      </file>
      <file name="DevOps.svelte" path="C:\Users\jorcleme\projects\dev-2-portfolio\src\lib\components\icons\DevOps.svelte">
        <metrics statements="2" coveredstatements="2" conditionals="0" coveredconditionals="0" methods="2" coveredmethods="2"/>
        <line num="5" count="4" type="stmt"/>
        <line num="8" count="4" type="stmt"/>
      </file>
      <file name="DirectLink.svelte" path="C:\Users\jorcleme\projects\dev-2-portfolio\src\lib\components\icons\DirectLink.svelte">
        <metrics statements="2" coveredstatements="2" conditionals="0" coveredconditionals="0" methods="2" coveredmethods="2"/>
        <line num="5" count="8" type="stmt"/>
        <line num="8" count="8" type="stmt"/>
      </file>
      <file name="Education.svelte" path="C:\Users\jorcleme\projects\dev-2-portfolio\src\lib\components\icons\Education.svelte">
        <metrics statements="2" coveredstatements="2" conditionals="0" coveredconditionals="0" methods="2" coveredmethods="2"/>
        <line num="6" count="4" type="stmt"/>
        <line num="9" count="4" type="stmt"/>
      </file>
      <file name="FishMultiple.svelte" path="C:\Users\jorcleme\projects\dev-2-portfolio\src\lib\components\icons\FishMultiple.svelte">
        <metrics statements="2" coveredstatements="2" conditionals="0" coveredconditionals="0" methods="2" coveredmethods="2"/>
        <line num="6" count="4" type="stmt"/>
        <line num="9" count="4" type="stmt"/>
      </file>
      <file name="GitHub.svelte" path="C:\Users\jorcleme\projects\dev-2-portfolio\src\lib\components\icons\GitHub.svelte">
        <metrics statements="2" coveredstatements="2" conditionals="0" coveredconditionals="0" methods="2" coveredmethods="2"/>
        <line num="5" count="29" type="stmt"/>
        <line num="8" count="29" type="stmt"/>
      </file>
      <file name="Linkedin.svelte" path="C:\Users\jorcleme\projects\dev-2-portfolio\src\lib\components\icons\Linkedin.svelte">
        <metrics statements="2" coveredstatements="2" conditionals="0" coveredconditionals="0" methods="2" coveredmethods="2"/>
        <line num="6" count="17" type="stmt"/>
        <line num="9" count="17" type="stmt"/>
      </file>
      <file name="Location.svelte" path="C:\Users\jorcleme\projects\dev-2-portfolio\src\lib\components\icons\Location.svelte">
        <metrics statements="2" coveredstatements="2" conditionals="0" coveredconditionals="0" methods="2" coveredmethods="2"/>
        <line num="6" count="16" type="stmt"/>
        <line num="9" count="16" type="stmt"/>
      </file>
      <file name="Mail.svelte" path="C:\Users\jorcleme\projects\dev-2-portfolio\src\lib\components\icons\Mail.svelte">
        <metrics statements="2" coveredstatements="2" conditionals="0" coveredconditionals="0" methods="2" coveredmethods="2"/>
        <line num="6" count="21" type="stmt"/>
        <line num="9" count="21" type="stmt"/>
      </file>
      <file name="Mountain.svelte" path="C:\Users\jorcleme\projects\dev-2-portfolio\src\lib\components\icons\Mountain.svelte">
        <metrics statements="2" coveredstatements="2" conditionals="0" coveredconditionals="0" methods="2" coveredmethods="2"/>
        <line num="5" count="4" type="stmt"/>
        <line num="8" count="4" type="stmt"/>
      </file>
      <file name="PaintBrush.svelte" path="C:\Users\jorcleme\projects\dev-2-portfolio\src\lib\components\icons\PaintBrush.svelte">
        <metrics statements="2" coveredstatements="2" conditionals="0" coveredconditionals="0" methods="2" coveredmethods="2"/>
        <line num="5" count="4" type="stmt"/>
        <line num="8" count="4" type="stmt"/>
      </file>
      <file name="Running.svelte" path="C:\Users\jorcleme\projects\dev-2-portfolio\src\lib\components\icons\Running.svelte">
        <metrics statements="2" coveredstatements="2" conditionals="0" coveredconditionals="0" methods="2" coveredmethods="2"/>
        <line num="5" count="4" type="stmt"/>
        <line num="8" count="4" type="stmt"/>
      </file>
      <file name="ShoppingBag.svelte" path="C:\Users\jorcleme\projects\dev-2-portfolio\src\lib\components\icons\ShoppingBag.svelte">
        <metrics statements="2" coveredstatements="2" conditionals="0" coveredconditionals="0" methods="2" coveredmethods="2"/>
        <line num="5" count="12" type="stmt"/>
        <line num="8" count="12" type="stmt"/>
      </file>
      <file name="Theatre.svelte" path="C:\Users\jorcleme\projects\dev-2-portfolio\src\lib\components\icons\Theatre.svelte">
        <metrics statements="2" coveredstatements="2" conditionals="0" coveredconditionals="0" methods="2" coveredmethods="2"/>
        <line num="5" count="4" type="stmt"/>
        <line num="8" count="4" type="stmt"/>
      </file>
      <file name="Trophy.svelte" path="C:\Users\jorcleme\projects\dev-2-portfolio\src\lib\components\icons\Trophy.svelte">
        <metrics statements="2" coveredstatements="2" conditionals="0" coveredconditionals="0" methods="2" coveredmethods="2"/>
        <line num="6" count="8" type="stmt"/>
        <line num="9" count="8" type="stmt"/>
      </file>
      <file name="User.svelte" path="C:\Users\jorcleme\projects\dev-2-portfolio\src\lib\components\icons\User.svelte">
        <metrics statements="2" coveredstatements="2" conditionals="0" coveredconditionals="0" methods="2" coveredmethods="2"/>
        <line num="6" count="4" type="stmt"/>
        <line num="9" count="4" type="stmt"/>
      </file>
      <file name="WorshipChristian.svelte" path="C:\Users\jorcleme\projects\dev-2-portfolio\src\lib\components\icons\WorshipChristian.svelte">
        <metrics statements="2" coveredstatements="2" conditionals="0" coveredconditionals="0" methods="2" coveredmethods="2"/>
        <line num="5" count="4" type="stmt"/>
        <line num="8" count="4" type="stmt"/>
      </file>
    </package>
    <package name="lib.components.sections">
      <metrics statements="246" coveredstatements="216" conditionals="72" coveredconditionals="38" methods="84" coveredmethods="70"/>
      <file name="About.svelte" path="C:\Users\jorcleme\projects\dev-2-portfolio\src\lib\components\sections\About.svelte">
        <metrics statements="46" coveredstatements="39" conditionals="0" coveredconditionals="0" methods="15" coveredmethods="13"/>
        <line num="17" count="4" type="stmt"/>
        <line num="18" count="0" type="stmt"/>
        <line num="19" count="0" type="stmt"/>
        <line num="20" count="0" type="stmt"/>
        <line num="21" count="0" type="stmt"/>
        <line num="22" count="0" type="stmt"/>
        <line num="23" count="0" type="stmt"/>
        <line num="26" count="4" type="stmt"/>
        <line num="27" count="0" type="stmt"/>
        <line num="31" count="4" type="stmt"/>
        <line num="50" count="4" type="stmt"/>
        <line num="66" count="4" type="stmt"/>
        <line num="68" count="4" type="stmt"/>
        <line num="69" count="4" type="stmt"/>
        <line num="70" count="4" type="stmt"/>
        <line num="77" count="4" type="stmt"/>
        <line num="79" count="4" type="stmt"/>
        <line num="88" count="4" type="stmt"/>
        <line num="89" count="4" type="stmt"/>
        <line num="90" count="4" type="stmt"/>
        <line num="93" count="4" type="stmt"/>
        <line num="94" count="4" type="stmt"/>
        <line num="95" count="4" type="stmt"/>
        <line num="98" count="4" type="stmt"/>
        <line num="99" count="4" type="stmt"/>
        <line num="108" count="4" type="stmt"/>
        <line num="121" count="4" type="stmt"/>
        <line num="150" count="4" type="stmt"/>
        <line num="152" count="4" type="stmt"/>
        <line num="175" count="4" type="stmt"/>
        <line num="201" count="4" type="stmt"/>
        <line num="202" count="4" type="stmt"/>
        <line num="203" count="4" type="stmt"/>
        <line num="215" count="4" type="stmt"/>
        <line num="216" count="4" type="stmt"/>
        <line num="217" count="4" type="stmt"/>
        <line num="220" count="4" type="stmt"/>
        <line num="221" count="4" type="stmt"/>
        <line num="224" count="4" type="stmt"/>
        <line num="225" count="4" type="stmt"/>
        <line num="228" count="4" type="stmt"/>
        <line num="229" count="4" type="stmt"/>
        <line num="232" count="4" type="stmt"/>
        <line num="233" count="4" type="stmt"/>
        <line num="236" count="4" type="stmt"/>
        <line num="237" count="4" type="stmt"/>
      </file>
      <file name="Achievements.svelte" path="C:\Users\jorcleme\projects\dev-2-portfolio\src\lib\components\sections\Achievements.svelte">
        <metrics statements="26" coveredstatements="26" conditionals="4" coveredconditionals="2" methods="5" coveredmethods="5"/>
        <line num="56" count="4" type="stmt"/>
        <line num="69" count="4" type="stmt"/>
        <line num="84" count="4" type="stmt"/>
        <line num="85" count="4" type="stmt"/>
        <line num="86" count="24" type="cond" truecount="1" falsecount="1"/>
        <line num="88" count="8" type="stmt"/>
        <line num="90" count="8" type="stmt"/>
        <line num="94" count="8" type="stmt"/>
        <line num="98" count="8" type="stmt"/>
        <line num="99" count="8" type="stmt"/>
        <line num="100" count="8" type="stmt"/>
        <line num="102" count="8" type="cond" truecount="1" falsecount="1"/>
        <line num="106" count="8" type="stmt"/>
        <line num="112" count="8" type="stmt"/>
        <line num="113" count="8" type="stmt"/>
        <line num="114" count="8" type="stmt"/>
        <line num="115" count="8" type="stmt"/>
        <line num="116" count="8" type="stmt"/>
        <line num="119" count="8" type="stmt"/>
        <line num="123" count="8" type="stmt"/>
        <line num="127" count="8" type="stmt"/>
        <line num="131" count="8" type="stmt"/>
        <line num="138" count="8" type="stmt"/>
        <line num="140" count="32" type="stmt"/>
        <line num="142" count="32" type="stmt"/>
        <line num="152" count="4" type="stmt"/>
      </file>
      <file name="Contact.svelte" path="C:\Users\jorcleme\projects\dev-2-portfolio\src\lib\components\sections\Contact.svelte">
        <metrics statements="52" coveredstatements="38" conditionals="16" coveredconditionals="7" methods="16" coveredmethods="13"/>
        <line num="7" count="4" type="stmt"/>
        <line num="14" count="4" type="stmt"/>
        <line num="15" count="4" type="stmt"/>
        <line num="18" count="0" type="stmt"/>
        <line num="19" count="0" type="stmt"/>
        <line num="20" count="0" type="stmt"/>
        <line num="22" count="0" type="stmt"/>
        <line num="31" count="0" type="cond" truecount="0" falsecount="2"/>
        <line num="32" count="0" type="stmt"/>
        <line num="35" count="0" type="stmt"/>
        <line num="37" count="0" type="stmt"/>
        <line num="46" count="0" type="stmt"/>
        <line num="49" count="0" type="stmt"/>
        <line num="50" count="0" type="stmt"/>
        <line num="79" count="4" type="stmt"/>
        <line num="92" count="4" type="stmt"/>
        <line num="106" count="4" type="stmt"/>
        <line num="108" count="4" type="stmt"/>
        <line num="112" count="4" type="stmt"/>
        <line num="114" count="4" type="stmt"/>
        <line num="116" count="4" type="stmt"/>
        <line num="120" count="4" type="stmt"/>
        <line num="123" count="4" type="stmt"/>
        <line num="131" count="4" type="stmt"/>
        <line num="139" count="4" type="stmt"/>
        <line num="142" count="4" type="stmt"/>
        <line num="151" count="4" type="stmt"/>
        <line num="155" count="4" type="stmt"/>
        <line num="158" count="4" type="stmt"/>
        <line num="166" count="4" type="stmt"/>
        <line num="170" count="4" type="stmt"/>
        <line num="172" count="4" type="stmt"/>
        <line num="181" count="4" type="stmt"/>
        <line num="186" count="4" type="stmt"/>
        <line num="187" count="4" type="cond" truecount="1" falsecount="1"/>
        <line num="209" count="4" type="cond" truecount="1" falsecount="1"/>
        <line num="226" count="4" type="stmt"/>
        <line num="236" count="4" type="cond" truecount="1" falsecount="1"/>
        <line num="237" count="0" type="stmt"/>
        <line num="244" count="4" type="cond" truecount="1" falsecount="1"/>
        <line num="245" count="0" type="stmt"/>
        <line num="248" count="0" type="stmt"/>
        <line num="256" count="4" type="stmt"/>
        <line num="260" count="4" type="stmt"/>
        <line num="261" count="4" type="stmt"/>
        <line num="262" count="12" type="cond" truecount="1" falsecount="1"/>
        <line num="264" count="12" type="stmt"/>
        <line num="269" count="12" type="cond" truecount="1" falsecount="1"/>
        <line num="272" count="12" type="stmt"/>
        <line num="274" count="12" type="stmt"/>
        <line num="275" count="12" type="stmt"/>
        <line num="276" count="12" type="stmt"/>
      </file>
      <file name="Experience.svelte" path="C:\Users\jorcleme\projects\dev-2-portfolio\src\lib\components\sections\Experience.svelte">
        <metrics statements="30" coveredstatements="30" conditionals="16" coveredconditionals="8" methods="7" coveredmethods="7"/>
        <line num="78" count="4" type="stmt"/>
        <line num="91" count="4" type="stmt"/>
        <line num="106" count="4" type="stmt"/>
        <line num="112" count="4" type="stmt"/>
        <line num="113" count="12" type="stmt"/>
        <line num="115" count="12" type="cond" truecount="1" falsecount="1"/>
        <line num="120" count="12" type="stmt"/>
        <line num="121" count="24" type="stmt"/>
        <line num="123" count="12" type="stmt"/>
        <line num="124" count="12" type="stmt"/>
        <line num="126" count="12" type="stmt"/>
        <line num="127" count="24" type="cond" truecount="1" falsecount="1"/>
        <line num="128" count="12" type="stmt"/>
        <line num="129" count="12" type="cond" truecount="1" falsecount="1"/>
        <line num="132" count="12" type="stmt"/>
        <line num="137" count="12" type="stmt"/>
        <line num="138" count="12" type="stmt"/>
        <line num="139" count="12" type="cond" truecount="1" falsecount="1"/>
        <line num="140" count="12" type="stmt"/>
        <line num="145" count="12" type="stmt"/>
        <line num="148" count="12" type="stmt"/>
        <line num="149" count="12" type="stmt"/>
        <line num="150" count="12" type="cond" truecount="2" falsecount="2"/>
        <line num="152" count="12" type="stmt"/>
        <line num="153" count="12" type="stmt"/>
        <line num="154" count="12" type="stmt"/>
        <line num="161" count="12" type="stmt"/>
        <line num="163" count="48" type="stmt"/>
        <line num="164" count="48" type="cond" truecount="1" falsecount="1"/>
        <line num="165" count="48" type="stmt"/>
      </file>
      <file name="Home.svelte" path="C:\Users\jorcleme\projects\dev-2-portfolio\src\lib\components\sections\Home.svelte">
        <metrics statements="32" coveredstatements="24" conditionals="4" coveredconditionals="1" methods="14" coveredmethods="6"/>
        <line num="10" count="4" type="stmt"/>
        <line num="11" count="4" type="stmt"/>
        <line num="12" count="4" type="stmt"/>
        <line num="15" count="4" type="stmt"/>
        <line num="17" count="4" type="stmt"/>
        <line num="18" count="0" type="stmt"/>
        <line num="19" count="0" type="stmt"/>
        <line num="20" count="0" type="stmt"/>
        <line num="21" count="0" type="stmt"/>
        <line num="22" count="0" type="stmt"/>
        <line num="23" count="0" type="stmt"/>
        <line num="38" count="0" type="stmt"/>
        <line num="48" count="4" type="stmt"/>
        <line num="49" count="4" type="stmt"/>
        <line num="52" count="4" type="stmt"/>
        <line num="53" count="4" type="stmt"/>
        <line num="56" count="4" type="cond" truecount="1" falsecount="1"/>
        <line num="57" count="4" type="stmt"/>
        <line num="65" count="4" type="stmt"/>
        <line num="74" count="4" type="stmt"/>
        <line num="78" count="4" type="stmt"/>
        <line num="79" count="4" type="stmt"/>
        <line num="82" count="4" type="stmt"/>
        <line num="83" count="4" type="stmt"/>
        <line num="88" count="4" type="stmt"/>
        <line num="92" count="4" type="stmt"/>
        <line num="93" count="4" type="stmt"/>
        <line num="94" count="4" type="stmt"/>
        <line num="96" count="4" type="stmt"/>
        <line num="100" count="4" type="stmt"/>
        <line num="102" count="4" type="stmt"/>
        <line num="103" count="0" type="stmt"/>
      </file>
      <file name="Projects.svelte" path="C:\Users\jorcleme\projects\dev-2-portfolio\src\lib\components\sections\Projects.svelte">
        <metrics statements="47" coveredstatements="46" conditionals="28" coveredconditionals="17" methods="18" coveredmethods="17"/>
        <line num="79" count="20" type="stmt"/>
        <line num="80" count="20" type="stmt"/>
        <line num="83" count="4" type="stmt"/>
        <line num="96" count="4" type="stmt"/>
        <line num="111" count="4" type="stmt"/>
        <line num="114" count="24" type="stmt"/>
        <line num="116" count="12" type="stmt"/>
        <line num="119" count="12" type="stmt"/>
        <line num="120" count="12" type="cond" truecount="1" falsecount="1"/>
        <line num="124" count="12" type="stmt"/>
        <line num="126" count="12" type="stmt"/>
        <line num="127" count="12" type="cond" truecount="2" falsecount="0"/>
        <line num="129" count="8" type="stmt"/>
        <line num="141" count="12" type="cond" truecount="2" falsecount="0"/>
        <line num="143" count="4" type="stmt"/>
        <line num="161" count="12" type="stmt"/>
        <line num="162" count="12" type="stmt"/>
        <line num="166" count="12" type="stmt"/>
        <line num="167" count="12" type="stmt"/>
        <line num="170" count="12" type="cond" truecount="1" falsecount="1"/>
        <line num="171" count="12" type="stmt"/>
        <line num="175" count="12" type="stmt"/>
        <line num="180" count="12" type="stmt"/>
        <line num="182" count="60" type="cond" truecount="1" falsecount="1"/>
        <line num="184" count="60" type="stmt"/>
        <line num="186" count="60" type="stmt"/>
        <line num="195" count="4" type="cond" truecount="1" falsecount="1"/>
        <line num="196" count="4" type="stmt"/>
        <line num="200" count="4" type="stmt"/>
        <line num="203" count="16" type="stmt"/>
        <line num="205" count="8" type="stmt"/>
        <line num="208" count="8" type="stmt"/>
        <line num="209" count="8" type="cond" truecount="1" falsecount="1"/>
        <line num="213" count="8" type="stmt"/>
        <line num="215" count="8" type="stmt"/>
        <line num="216" count="8" type="cond" truecount="1" falsecount="1"/>
        <line num="217" count="0" type="stmt"/>
        <line num="230" count="8" type="cond" truecount="2" falsecount="0"/>
        <line num="231" count="4" type="stmt"/>
        <line num="248" count="8" type="stmt"/>
        <line num="249" count="8" type="stmt"/>
        <line num="253" count="8" type="stmt"/>
        <line num="257" count="8" type="stmt"/>
        <line num="261" count="8" type="stmt"/>
        <line num="263" count="44" type="cond" truecount="1" falsecount="1"/>
        <line num="265" count="44" type="stmt"/>
        <line num="267" count="44" type="stmt"/>
      </file>
      <file name="Skills.svelte" path="C:\Users\jorcleme\projects\dev-2-portfolio\src\lib\components\sections\Skills.svelte">
        <metrics statements="13" coveredstatements="13" conditionals="4" coveredconditionals="3" methods="9" coveredmethods="9"/>
        <line num="86" count="24" type="stmt"/>
        <line num="87" count="24" type="stmt"/>
        <line num="90" count="24" type="stmt"/>
        <line num="92" count="24" type="stmt"/>
        <line num="97" count="168" type="stmt"/>
        <line num="100" count="168" type="stmt"/>
        <line num="104" count="4" type="stmt"/>
        <line num="117" count="4" type="stmt"/>
        <line num="132" count="4" type="stmt"/>
        <line num="133" count="4" type="stmt"/>
        <line num="136" count="96" type="stmt"/>
        <line num="139" count="24" type="stmt"/>
        <line num="141" count="168" type="stmt"/>
      </file>
    </package>
    <package name="lib.components.ui">
      <metrics statements="39" coveredstatements="39" conditionals="6" coveredconditionals="5" methods="14" coveredmethods="14"/>
      <file name="Footer.svelte" path="C:\Users\jorcleme\projects\dev-2-portfolio\src\lib\components\ui\Footer.svelte">
        <metrics statements="25" coveredstatements="25" conditionals="4" coveredconditionals="3" methods="10" coveredmethods="10"/>
        <line num="6" count="13" type="stmt"/>
        <line num="50" count="2" type="stmt"/>
        <line num="51" count="2" type="stmt"/>
        <line num="52" count="2" type="cond" truecount="2" falsecount="0"/>
        <line num="53" count="1" type="stmt"/>
        <line num="58" count="13" type="stmt"/>
        <line num="65" count="13" type="stmt"/>
        <line num="67" count="13" type="stmt"/>
        <line num="69" count="13" type="stmt"/>
        <line num="86" count="13" type="stmt"/>
        <line num="87" count="13" type="stmt"/>
        <line num="88" count="39" type="stmt"/>
        <line num="96" count="39" type="stmt"/>
        <line num="105" count="13" type="stmt"/>
        <line num="106" count="26" type="stmt"/>
        <line num="107" count="26" type="stmt"/>
        <line num="108" count="26" type="stmt"/>
        <line num="110" count="26" type="stmt"/>
        <line num="112" count="91" type="stmt"/>
        <line num="113" count="91" type="stmt"/>
        <line num="114" count="2" type="stmt"/>
        <line num="117" count="91" type="stmt"/>
        <line num="130" count="13" type="stmt"/>
        <line num="131" count="13" type="stmt"/>
        <line num="132" count="13" type="cond" truecount="1" falsecount="1"/>
      </file>
      <file name="Navbar.svelte" path="C:\Users\jorcleme\projects\dev-2-portfolio\src\lib\components\ui\Navbar.svelte">
        <metrics statements="14" coveredstatements="14" conditionals="2" coveredconditionals="2" methods="4" coveredmethods="4"/>
        <line num="17" count="3" type="stmt"/>
        <line num="18" count="3" type="stmt"/>
        <line num="19" count="3" type="stmt"/>
        <line num="20" count="3" type="cond" truecount="2" falsecount="0"/>
        <line num="21" count="1" type="stmt"/>
        <line num="29" count="7" type="stmt"/>
        <line num="30" count="7" type="stmt"/>
        <line num="31" count="7" type="stmt"/>
        <line num="32" count="7" type="stmt"/>
        <line num="33" count="49" type="stmt"/>
        <line num="35" count="3" type="stmt"/>
        <line num="38" count="49" type="stmt"/>
        <line num="42" count="7" type="stmt"/>
        <line num="44" count="7" type="stmt"/>
      </file>
    </package>
    <package name="lib.utils">
      <metrics statements="35" coveredstatements="35" conditionals="16" coveredconditionals="16" methods="4" coveredmethods="4"/>
      <file name="chat.ts" path="C:\Users\jorcleme\projects\dev-2-portfolio\src\lib\utils\chat.ts">
        <metrics statements="33" coveredstatements="33" conditionals="16" coveredconditionals="16" methods="3" coveredmethods="3"/>
        <line num="4" count="4" type="stmt"/>
        <line num="12" count="4" type="cond" truecount="2" falsecount="0"/>
        <line num="13" count="2" type="stmt"/>
        <line num="14" count="2" type="cond" truecount="2" falsecount="0"/>
        <line num="17" count="2" type="stmt"/>
        <line num="21" count="3" type="stmt"/>
        <line num="22" count="3" type="stmt"/>
        <line num="24" count="3" type="stmt"/>
        <line num="29" count="3" type="cond" truecount="2" falsecount="0"/>
        <line num="30" count="2" type="stmt"/>
        <line num="31" count="2" type="cond" truecount="2" falsecount="0"/>
        <line num="34" count="1" type="stmt"/>
        <line num="40" count="4" type="stmt"/>
        <line num="41" count="4" type="stmt"/>
        <line num="43" count="4" type="cond" truecount="2" falsecount="0"/>
        <line num="44" count="1" type="stmt"/>
        <line num="47" count="3" type="stmt"/>
        <line num="48" count="3" type="stmt"/>
        <line num="49" count="8" type="stmt"/>
        <line num="50" count="8" type="cond" truecount="2" falsecount="0"/>
        <line num="52" count="7" type="stmt"/>
        <line num="53" count="7" type="stmt"/>
        <line num="55" count="7" type="stmt"/>
        <line num="56" count="12" type="cond" truecount="2" falsecount="0"/>
        <line num="57" count="7" type="stmt"/>
        <line num="58" count="7" type="cond" truecount="2" falsecount="0"/>
        <line num="59" count="2" type="stmt"/>
        <line num="61" count="5" type="stmt"/>
        <line num="62" count="5" type="stmt"/>
        <line num="63" count="5" type="stmt"/>
        <line num="66" count="1" type="stmt"/>
        <line num="67" count="1" type="stmt"/>
        <line num="73" count="3" type="stmt"/>
      </file>
      <file name="index.ts" path="C:\Users\jorcleme\projects\dev-2-portfolio\src\lib\utils\index.ts">
        <metrics statements="2" coveredstatements="2" conditionals="0" coveredconditionals="0" methods="1" coveredmethods="1"/>
        <line num="1" count="1" type="stmt"/>
        <line num="2" count="4" type="stmt"/>
      </file>
    </package>
    <package name="routes">
      <metrics statements="9" coveredstatements="9" conditionals="0" coveredconditionals="0" methods="9" coveredmethods="9"/>
      <file name="+page.svelte" path="C:\Users\jorcleme\projects\dev-2-portfolio\src\routes\+page.svelte">
        <metrics statements="9" coveredstatements="9" conditionals="0" coveredconditionals="0" methods="9" coveredmethods="9"/>
        <line num="13" count="4" type="stmt"/>
        <line num="14" count="4" type="stmt"/>
        <line num="17" count="4" type="stmt"/>
        <line num="21" count="4" type="stmt"/>
        <line num="25" count="4" type="stmt"/>
        <line num="29" count="4" type="stmt"/>
        <line num="33" count="4" type="stmt"/>
        <line num="37" count="4" type="stmt"/>
        <line num="41" count="4" type="stmt"/>
      </file>
    </package>
    <package name="routes.api.contact">
      <metrics statements="17" coveredstatements="17" conditionals="10" coveredconditionals="10" methods="1" coveredmethods="1"/>
      <file name="+server.ts" path="C:\Users\jorcleme\projects\dev-2-portfolio\src\routes\api\contact\+server.ts">
        <metrics statements="17" coveredstatements="17" conditionals="10" coveredconditionals="10" methods="1" coveredmethods="1"/>
        <line num="7" count="1" type="stmt"/>
        <line num="8" count="7" type="stmt"/>
        <line num="9" count="7" type="stmt"/>
        <line num="10" count="7" type="stmt"/>
        <line num="13" count="7" type="cond" truecount="6" falsecount="0"/>
        <line num="14" count="2" type="stmt"/>
        <line num="18" count="5" type="stmt"/>
        <line num="19" count="5" type="cond" truecount="2" falsecount="0"/>
        <line num="20" count="1" type="stmt"/>
        <line num="24" count="4" type="stmt"/>
        <line num="55" count="3" type="cond" truecount="2" falsecount="0"/>
        <line num="56" count="1" type="stmt"/>
        <line num="57" count="1" type="stmt"/>
        <line num="61" count="2" type="stmt"/>
        <line num="70" count="7" type="stmt"/>
        <line num="75" count="1" type="stmt"/>
        <line num="76" count="1" type="stmt"/>
      </file>
    </package>
  </project>
</coverage>
