{
	"C:\\Users\\jorcleme\\projects\\dev-2-portfolio\\src\\lib\\assets\\feature_dev.jpg": {
		"path": "C:\\Users\\jorcleme\\projects\\dev-2-portfolio\\src\\lib\\assets\\feature_dev.jpg",
		"statementMap": {},
		"fnMap": {},
		"branchMap": {},
		"s": {},
		"f": {},
		"b": {},
		"meta": { "lastBranch": 0, "lastFunction": 0, "lastStatement": 0, "seen": {} }
	},
	"C:\\Users\\jorcleme\\projects\\dev-2-portfolio\\src\\lib\\components\\common\\FeatureCard.svelte": {
		"path": "C:\\Users\\jorcleme\\projects\\dev-2-portfolio\\src\\lib\\components\\common\\FeatureCard.svelte",
		"statementMap": {
			"0": { "start": { "line": 10, "column": 33 }, "end": { "line": 10, "column": 40 } },
			"1": { "start": { "line": 10, "column": 46 }, "end": { "line": 10, "column": null } },
			"2": { "start": { "line": 13, "column": 1 }, "end": { "line": 13, "column": null } },
			"3": { "start": { "line": 20, "column": 5 }, "end": { "line": 13, "column": null } },
			"4": { "start": { "line": 20, "column": 2 }, "end": { "line": 20, "column": null } }
		},
		"fnMap": {
			"0": {
				"name": "FeatureCard",
				"decl": { "start": { "line": 1, "column": 0 }, "end": { "line": 1, "column": 1 } },
				"loc": { "start": { "line": 1, "column": 0 }, "end": { "line": 11, "column": null } },
				"line": 1
			}
		},
		"branchMap": {
			"0": {
				"loc": { "start": { "line": 14, "column": 5 }, "end": { "line": 14, "column": null } },
				"type": "cond-expr",
				"locations": [
					{ "start": { "line": 14, "column": 11 }, "end": { "line": 14, "column": null } },
					{ "start": { "line": 14, "column": 37 }, "end": { "line": 14, "column": null } }
				],
				"line": 14
			},
			"1": {
				"loc": { "start": { "line": 15, "column": 138 }, "end": { "line": 15, "column": null } },
				"type": "binary-expr",
				"locations": [
					{ "start": { "line": 15, "column": 138 }, "end": { "line": 15, "column": null } },
					{ "start": { "line": 15, "column": 147 }, "end": { "line": 15, "column": null } }
				],
				"line": 15
			}
		},
		"s": { "0": 12, "1": 12, "2": 12, "3": 12, "4": 12 },
		"f": { "0": 12 },
		"b": { "0": [8, 4], "1": [12, 0] },
		"meta": {
			"lastBranch": 2,
			"lastFunction": 1,
			"lastStatement": 5,
			"seen": {
				"f:1:0:1:1": 0,
				"s:10:33:10:40": 0,
				"s:10:46:10:Infinity": 1,
				"s:13:1:13:Infinity": 2,
				"b:14:11:14:Infinity:14:37:14:Infinity": 0,
				"b:15:138:15:Infinity:15:147:15:Infinity": 1,
				"s:20:5:13:Infinity": 3,
				"s:20:2:20:Infinity": 4
			}
		}
	},
	"C:\\Users\\jorcleme\\projects\\dev-2-portfolio\\src\\lib\\components\\common\\FloatingBackground.svelte": {
		"path": "C:\\Users\\jorcleme\\projects\\dev-2-portfolio\\src\\lib\\components\\common\\FloatingBackground.svelte",
		"statementMap": {
			"0": { "start": { "line": 3, "column": 22 }, "end": { "line": 3, "column": 26 } },
			"1": { "start": { "line": 6, "column": 4 }, "end": { "line": 6, "column": null } },
			"2": { "start": { "line": 6, "column": 1 }, "end": { "line": 6, "column": null } },
			"3": { "start": { "line": 7, "column": 6 }, "end": { "line": 7, "column": null } },
			"4": { "start": { "line": 7, "column": 13 }, "end": { "line": 7, "column": null } }
		},
		"fnMap": {
			"0": {
				"name": "FloatingBackground",
				"decl": { "start": { "line": 1, "column": 0 }, "end": { "line": 1, "column": 1 } },
				"loc": { "start": { "line": 1, "column": 0 }, "end": { "line": 4, "column": null } },
				"line": 1
			}
		},
		"branchMap": {
			"0": {
				"loc": { "start": { "line": 7, "column": 6 }, "end": { "line": 7, "column": null } },
				"type": "if",
				"locations": [
					{ "start": { "line": 7, "column": 6 }, "end": { "line": 7, "column": null } },
					{ "start": {}, "end": {} }
				],
				"line": 7
			}
		},
		"s": { "0": 4, "1": 4, "2": 4, "3": 4, "4": 4 },
		"f": { "0": 4 },
		"b": { "0": [4, 0] },
		"meta": {
			"lastBranch": 1,
			"lastFunction": 1,
			"lastStatement": 5,
			"seen": {
				"f:1:0:1:1": 0,
				"s:3:22:3:26": 0,
				"s:6:4:6:Infinity": 1,
				"s:6:1:6:Infinity": 2,
				"b:7:6:7:Infinity:undefined:undefined:undefined:undefined": 0,
				"s:7:6:7:Infinity": 3,
				"s:7:13:7:Infinity": 4
			}
		}
	},
	"C:\\Users\\jorcleme\\projects\\dev-2-portfolio\\src\\lib\\components\\common\\GlassCard.svelte": {
		"path": "C:\\Users\\jorcleme\\projects\\dev-2-portfolio\\src\\lib\\components\\common\\GlassCard.svelte",
		"statementMap": {
			"0": { "start": { "line": 14, "column": 18 }, "end": { "line": 14, "column": null } },
			"1": { "start": { "line": 15, "column": 12 }, "end": { "line": 15, "column": null } },
			"2": { "start": { "line": 16, "column": 8 }, "end": { "line": 16, "column": null } },
			"3": { "start": { "line": 33, "column": 1 }, "end": { "line": 33, "column": null } }
		},
		"fnMap": {
			"0": {
				"name": "GlassCard",
				"decl": { "start": { "line": 1, "column": 0 }, "end": { "line": 1, "column": 1 } },
				"loc": { "start": { "line": 1, "column": 0 }, "end": { "line": 31, "column": null } },
				"line": 1
			}
		},
		"branchMap": {
			"0": {
				"loc": { "start": { "line": 34, "column": 5 }, "end": { "line": 34, "column": null } },
				"type": "cond-expr",
				"locations": [
					{ "start": { "line": 34, "column": 11 }, "end": { "line": 34, "column": null } },
					{ "start": { "line": 34, "column": 37 }, "end": { "line": 34, "column": null } }
				],
				"line": 34
			},
			"1": {
				"loc": { "start": { "line": 35, "column": 88 }, "end": { "line": 36, "column": null } },
				"type": "binary-expr",
				"locations": [
					{ "start": { "line": 35, "column": 88 }, "end": { "line": 36, "column": null } },
					{ "start": { "line": 36, "column": 2 }, "end": { "line": 36, "column": null } }
				],
				"line": 35
			},
			"2": {
				"loc": { "start": { "line": 37, "column": 5 }, "end": { "line": 37, "column": null } },
				"type": "binary-expr",
				"locations": [
					{ "start": { "line": 37, "column": 5 }, "end": { "line": 37, "column": null } },
					{ "start": { "line": 37, "column": 14 }, "end": { "line": 37, "column": null } }
				],
				"line": 37
			}
		},
		"s": { "0": 80, "1": 80, "2": 80, "3": 80 },
		"f": { "0": 80 },
		"b": { "0": [24, 56], "1": [80, 0], "2": [80, 0] },
		"meta": {
			"lastBranch": 3,
			"lastFunction": 1,
			"lastStatement": 4,
			"seen": {
				"f:1:0:1:1": 0,
				"s:14:18:14:Infinity": 0,
				"s:15:12:15:Infinity": 1,
				"s:16:8:16:Infinity": 2,
				"s:33:1:33:Infinity": 3,
				"b:34:11:34:Infinity:34:37:34:Infinity": 0,
				"b:35:88:36:Infinity:36:2:36:Infinity": 1,
				"b:37:5:37:Infinity:37:14:37:Infinity": 2
			}
		}
	},
	"C:\\Users\\jorcleme\\projects\\dev-2-portfolio\\src\\lib\\components\\common\\ImagePreview.svelte": {
		"path": "C:\\Users\\jorcleme\\projects\\dev-2-portfolio\\src\\lib\\components\\common\\ImagePreview.svelte",
		"statementMap": {
			"0": { "start": { "line": 21, "column": 31 }, "end": { "line": 21, "column": 38 } },
			"1": { "start": { "line": 21, "column": 50 }, "end": { "line": 21, "column": 56 } },
			"2": { "start": { "line": 21, "column": 64 }, "end": { "line": 21, "column": null } },
			"3": { "start": { "line": 23, "column": 14 }, "end": { "line": 23, "column": null } },
			"4": { "start": { "line": 24, "column": 58 }, "end": { "line": 24, "column": 62 } },
			"5": { "start": { "line": 27, "column": 2 }, "end": { "line": 27, "column": null } },
			"6": { "start": { "line": 28, "column": 2 }, "end": { "line": 28, "column": null } },
			"7": { "start": { "line": 31, "column": 3 }, "end": { "line": 31, "column": null } },
			"8": { "start": { "line": 36, "column": 6 }, "end": { "line": 38, "column": null } },
			"9": { "start": { "line": 37, "column": 3 }, "end": { "line": 37, "column": null } },
			"10": { "start": { "line": 39, "column": 2 }, "end": { "line": 39, "column": null } },
			"11": { "start": { "line": 54, "column": 1 }, "end": { "line": 54, "column": null } },
			"12": { "start": { "line": 54, "column": 1 }, "end": { "line": 59, "column": null } },
			"13": { "start": { "line": 54, "column": 1 }, "end": { "line": 60, "column": null } },
			"14": { "start": { "line": 64, "column": 5 }, "end": { "line": 54, "column": null } },
			"15": { "start": { "line": 64, "column": 2 }, "end": { "line": 64, "column": 25 } },
			"16": { "start": { "line": 68, "column": 3 }, "end": { "line": 68, "column": null } },
			"17": { "start": { "line": 72, "column": 4 }, "end": { "line": 68, "column": null } },
			"18": { "start": { "line": 76, "column": 8 }, "end": { "line": 72, "column": null } },
			"19": { "start": { "line": 72, "column": 4 }, "end": { "line": 72, "column": null } },
			"20": { "start": { "line": 68, "column": 3 }, "end": { "line": 69, "column": null } },
			"21": { "start": { "line": 68, "column": 3 }, "end": { "line": 70, "column": null } },
			"22": { "start": { "line": 76, "column": 5 }, "end": { "line": 76, "column": null } },
			"23": { "start": { "line": 72, "column": 4 }, "end": { "line": 73, "column": null } },
			"24": { "start": { "line": 67, "column": 6 }, "end": { "line": 67, "column": null } },
			"25": { "start": { "line": 67, "column": 15 }, "end": { "line": 67, "column": null } },
			"26": { "start": { "line": 64, "column": 2 }, "end": { "line": 64, "column": null } },
			"27": { "start": { "line": 54, "column": 1 }, "end": { "line": 57, "column": null } },
			"28": { "start": { "line": 54, "column": 1 }, "end": { "line": 58, "column": null } },
			"29": { "start": { "line": 54, "column": 1 }, "end": { "line": 61, "column": null } }
		},
		"fnMap": {
			"0": {
				"name": "ImagePreview",
				"decl": { "start": { "line": 1, "column": 0 }, "end": { "line": 1, "column": 1 } },
				"loc": { "start": { "line": 1, "column": 0 }, "end": { "line": 52, "column": null } },
				"line": 1
			},
			"1": {
				"name": "handleTouchStart",
				"decl": { "start": { "line": 26, "column": 10 }, "end": { "line": 26, "column": 26 } },
				"loc": { "start": { "line": 26, "column": 92 }, "end": { "line": 33, "column": null } },
				"line": 26
			},
			"2": {
				"name": "(anonymous_2)",
				"decl": { "start": { "line": 30, "column": 34 }, "end": { "line": 30, "column": null } },
				"loc": { "start": { "line": 30, "column": 34 }, "end": { "line": 32, "column": 3 } },
				"line": 30
			},
			"3": {
				"name": "handleTouchEnd",
				"decl": { "start": { "line": 35, "column": 10 }, "end": { "line": 35, "column": 24 } },
				"loc": { "start": { "line": 35, "column": 90 }, "end": { "line": 40, "column": null } },
				"line": 35
			},
			"4": {
				"name": "(anonymous_4)",
				"decl": { "start": { "line": 72, "column": 4 }, "end": { "line": 72, "column": null } },
				"loc": { "start": { "line": 72, "column": 4 }, "end": { "line": 72, "column": null } },
				"line": 72
			},
			"5": {
				"name": "(anonymous_5)",
				"decl": { "start": { "line": 54, "column": 1 }, "end": { "line": 54, "column": null } },
				"loc": { "start": { "line": 54, "column": 1 }, "end": { "line": 57, "column": null } },
				"line": 54
			}
		},
		"branchMap": {
			"0": {
				"loc": { "start": { "line": 36, "column": 6 }, "end": { "line": 38, "column": null } },
				"type": "if",
				"locations": [
					{ "start": { "line": 36, "column": 6 }, "end": { "line": 38, "column": null } },
					{ "start": {}, "end": {} }
				],
				"line": 36
			},
			"1": {
				"loc": { "start": { "line": 69, "column": 45 }, "end": { "line": 69, "column": null } },
				"type": "binary-expr",
				"locations": [
					{ "start": { "line": 69, "column": 45 }, "end": { "line": 69, "column": null } },
					{ "start": { "line": 69, "column": 69 }, "end": { "line": 69, "column": null } }
				],
				"line": 69
			},
			"2": {
				"loc": { "start": { "line": 67, "column": 6 }, "end": { "line": 67, "column": null } },
				"type": "if",
				"locations": [
					{ "start": { "line": 67, "column": 6 }, "end": { "line": 67, "column": null } },
					{ "start": {}, "end": {} }
				],
				"line": 67
			}
		},
		"s": {
			"0": 27,
			"1": 27,
			"2": 27,
			"3": 27,
			"4": 27,
			"5": 5,
			"6": 5,
			"7": 1,
			"8": 3,
			"9": 3,
			"10": 3,
			"11": 27,
			"12": 27,
			"13": 27,
			"14": 27,
			"15": 27,
			"16": 17,
			"17": 17,
			"18": 17,
			"19": 17,
			"20": 17,
			"21": 17,
			"22": 17,
			"23": 17,
			"24": 49,
			"25": 17,
			"26": 27,
			"27": 13,
			"28": 1,
			"29": 27
		},
		"f": { "0": 27, "1": 5, "2": 1, "3": 3, "4": 34, "5": 14 },
		"b": { "0": [3, 0], "1": [17, 0], "2": [17, 32] },
		"meta": {
			"lastBranch": 3,
			"lastFunction": 6,
			"lastStatement": 30,
			"seen": {
				"f:1:0:1:1": 0,
				"s:21:31:21:38": 0,
				"s:21:50:21:56": 1,
				"s:21:64:21:Infinity": 2,
				"s:23:14:23:Infinity": 3,
				"s:24:58:24:62": 4,
				"f:26:10:26:26": 1,
				"s:27:2:27:Infinity": 5,
				"s:28:2:28:Infinity": 6,
				"f:30:34:30:Infinity": 2,
				"s:31:3:31:Infinity": 7,
				"f:35:10:35:24": 3,
				"b:36:6:38:Infinity:undefined:undefined:undefined:undefined": 0,
				"s:36:6:38:Infinity": 8,
				"s:37:3:37:Infinity": 9,
				"s:39:2:39:Infinity": 10,
				"s:54:1:54:Infinity": 11,
				"s:54:1:59:Infinity": 12,
				"s:54:1:60:Infinity": 13,
				"s:64:5:54:Infinity": 14,
				"s:64:2:64:25": 15,
				"s:68:3:68:Infinity": 16,
				"s:72:4:68:Infinity": 17,
				"s:76:8:72:Infinity": 18,
				"s:72:4:72:Infinity": 19,
				"s:68:3:69:Infinity": 20,
				"b:69:45:69:Infinity:69:69:69:Infinity": 1,
				"s:68:3:70:Infinity": 21,
				"s:76:5:76:Infinity": 22,
				"s:72:4:73:Infinity": 23,
				"f:72:4:72:Infinity": 4,
				"b:67:6:67:Infinity:undefined:undefined:undefined:undefined": 2,
				"s:67:6:67:Infinity": 24,
				"s:67:15:67:Infinity": 25,
				"s:64:2:64:Infinity": 26,
				"s:54:1:57:Infinity": 27,
				"f:54:1:54:Infinity": 5,
				"s:54:1:58:Infinity": 28,
				"s:54:1:61:Infinity": 29
			}
		}
	},
	"C:\\Users\\jorcleme\\projects\\dev-2-portfolio\\src\\lib\\components\\common\\ScrollReveal.svelte": {
		"path": "C:\\Users\\jorcleme\\projects\\dev-2-portfolio\\src\\lib\\components\\common\\ScrollReveal.svelte",
		"statementMap": {
			"0": { "start": { "line": 12, "column": 22 }, "end": { "line": 12, "column": 28 } },
			"1": { "start": { "line": 12, "column": 37 }, "end": { "line": 12, "column": 53 } },
			"2": { "start": { "line": 12, "column": 62 }, "end": { "line": 12, "column": null } },
			"3": { "start": { "line": 14, "column": 15 }, "end": { "line": 14, "column": null } },
			"4": { "start": { "line": 15, "column": 14 }, "end": { "line": 15, "column": null } },
			"5": { "start": { "line": 24, "column": 1 }, "end": { "line": 49, "column": null } },
			"6": { "start": { "line": 27, "column": 4 }, "end": { "line": 32, "column": null } },
			"7": { "start": { "line": 28, "column": 9 }, "end": { "line": 31, "column": null } },
			"8": { "start": { "line": 29, "column": 6 }, "end": { "line": 29, "column": null } },
			"9": { "start": { "line": 30, "column": 6 }, "end": { "line": 30, "column": null } },
			"10": { "start": { "line": 40, "column": 6 }, "end": { "line": 42, "column": null } },
			"11": { "start": { "line": 41, "column": 3 }, "end": { "line": 41, "column": null } },
			"12": { "start": { "line": 44, "column": 15 }, "end": { "line": 48, "column": null } },
			"13": { "start": { "line": 45, "column": 7 }, "end": { "line": 47, "column": null } },
			"14": { "start": { "line": 46, "column": 4 }, "end": { "line": 46, "column": null } },
			"15": { "start": { "line": 52, "column": 1 }, "end": { "line": 52, "column": null } },
			"16": { "start": { "line": 52, "column": 1 }, "end": { "line": 53, "column": null } },
			"17": { "start": { "line": 53, "column": 22 }, "end": { "line": 53, "column": null } },
			"18": { "start": { "line": 52, "column": 1 }, "end": { "line": 56, "column": null } },
			"19": { "start": { "line": 52, "column": 1 }, "end": { "line": 57, "column": null } }
		},
		"fnMap": {
			"0": {
				"name": "ScrollReveal",
				"decl": { "start": { "line": 1, "column": 0 }, "end": { "line": 1, "column": 1 } },
				"loc": { "start": { "line": 1, "column": 0 }, "end": { "line": 50, "column": null } },
				"line": 1
			},
			"1": {
				"name": "(anonymous_1)",
				"decl": { "start": { "line": 24, "column": 8 }, "end": { "line": 24, "column": 15 } },
				"loc": { "start": { "line": 24, "column": 15 }, "end": { "line": 49, "column": 2 } },
				"line": 24
			},
			"2": {
				"name": "(anonymous_2)",
				"decl": { "start": { "line": 26, "column": 4 }, "end": { "line": 26, "column": 11 } },
				"loc": { "start": { "line": 26, "column": 16 }, "end": { "line": 33, "column": 4 } },
				"line": 26
			},
			"3": {
				"name": "(anonymous_3)",
				"decl": { "start": { "line": 27, "column": 19 }, "end": { "line": 27, "column": 21 } },
				"loc": { "start": { "line": 27, "column": 31 }, "end": { "line": 32, "column": 5 } },
				"line": 27
			},
			"4": {
				"name": "(anonymous_4)",
				"decl": { "start": { "line": 44, "column": 15 }, "end": { "line": 44, "column": null } },
				"loc": { "start": { "line": 44, "column": 15 }, "end": { "line": 48, "column": 3 } },
				"line": 44
			},
			"5": {
				"name": "(anonymous_5)",
				"decl": { "start": { "line": 52, "column": 1 }, "end": { "line": 52, "column": null } },
				"loc": { "start": { "line": 52, "column": 1 }, "end": { "line": 53, "column": null } },
				"line": 52
			},
			"6": {
				"name": "(anonymous_6)",
				"decl": { "start": { "line": 53, "column": 22 }, "end": { "line": 53, "column": null } },
				"loc": { "start": { "line": 53, "column": 22 }, "end": { "line": 53, "column": null } },
				"line": 53
			}
		},
		"branchMap": {
			"0": {
				"loc": { "start": { "line": 28, "column": 9 }, "end": { "line": 31, "column": null } },
				"type": "if",
				"locations": [
					{ "start": { "line": 28, "column": 9 }, "end": { "line": 31, "column": null } },
					{ "start": {}, "end": {} }
				],
				"line": 28
			},
			"1": {
				"loc": { "start": { "line": 40, "column": 6 }, "end": { "line": 42, "column": null } },
				"type": "if",
				"locations": [
					{ "start": { "line": 40, "column": 6 }, "end": { "line": 42, "column": null } },
					{ "start": {}, "end": {} }
				],
				"line": 40
			},
			"2": {
				"loc": { "start": { "line": 45, "column": 7 }, "end": { "line": 47, "column": null } },
				"type": "if",
				"locations": [
					{ "start": { "line": 45, "column": 7 }, "end": { "line": 47, "column": null } },
					{ "start": {}, "end": {} }
				],
				"line": 45
			},
			"3": {
				"loc": { "start": { "line": 52, "column": 1 }, "end": { "line": 56, "column": 49 } },
				"type": "cond-expr",
				"locations": [
					{ "start": { "line": 55, "column": 4 }, "end": { "line": 55, "column": 44 } },
					{ "start": { "line": 56, "column": 17 }, "end": { "line": 56, "column": 49 } }
				],
				"line": 52
			},
			"4": {
				"loc": { "start": { "line": 56, "column": 49 }, "end": { "line": 56, "column": null } },
				"type": "binary-expr",
				"locations": [
					{ "start": { "line": 56, "column": 49 }, "end": { "line": 56, "column": null } },
					{ "start": { "line": 56, "column": 58 }, "end": { "line": 56, "column": null } }
				],
				"line": 56
			},
			"5": {
				"loc": { "start": { "line": 57, "column": 27 }, "end": { "line": 57, "column": null } },
				"type": "binary-expr",
				"locations": [
					{ "start": { "line": 57, "column": 27 }, "end": { "line": 57, "column": null } },
					{ "start": { "line": 57, "column": 32 }, "end": { "line": 57, "column": null } }
				],
				"line": 57
			}
		},
		"s": {
			"0": 24,
			"1": 24,
			"2": 24,
			"3": 24,
			"4": 24,
			"5": 24,
			"6": 6,
			"7": 6,
			"8": 0,
			"9": 0,
			"10": 24,
			"11": 24,
			"12": 24,
			"13": 18,
			"14": 18,
			"15": 24,
			"16": 42,
			"17": 42,
			"18": 24,
			"19": 24
		},
		"f": { "0": 24, "1": 24, "2": 6, "3": 6, "4": 18, "5": 42, "6": 42 },
		"b": { "0": [0, 6], "1": [24, 0], "2": [18, 0], "3": [0, 24], "4": [24, 0], "5": [24, 0] },
		"meta": {
			"lastBranch": 6,
			"lastFunction": 7,
			"lastStatement": 20,
			"seen": {
				"f:1:0:1:1": 0,
				"s:12:22:12:28": 0,
				"s:12:37:12:53": 1,
				"s:12:62:12:Infinity": 2,
				"s:14:15:14:Infinity": 3,
				"s:15:14:15:Infinity": 4,
				"s:24:1:49:Infinity": 5,
				"f:24:8:24:15": 1,
				"f:26:4:26:11": 2,
				"s:27:4:32:Infinity": 6,
				"f:27:19:27:21": 3,
				"b:28:9:31:Infinity:undefined:undefined:undefined:undefined": 0,
				"s:28:9:31:Infinity": 7,
				"s:29:6:29:Infinity": 8,
				"s:30:6:30:Infinity": 9,
				"b:40:6:42:Infinity:undefined:undefined:undefined:undefined": 1,
				"s:40:6:42:Infinity": 10,
				"s:41:3:41:Infinity": 11,
				"s:44:15:48:Infinity": 12,
				"f:44:15:44:Infinity": 4,
				"b:45:7:47:Infinity:undefined:undefined:undefined:undefined": 2,
				"s:45:7:47:Infinity": 13,
				"s:46:4:46:Infinity": 14,
				"s:52:1:52:Infinity": 15,
				"s:52:1:53:Infinity": 16,
				"f:52:1:52:Infinity": 5,
				"f:53:22:53:Infinity": 6,
				"s:53:22:53:Infinity": 17,
				"s:52:1:56:Infinity": 18,
				"b:55:4:55:44:56:17:56:49": 3,
				"b:56:49:56:Infinity:56:58:56:Infinity": 4,
				"s:52:1:57:Infinity": 19,
				"b:57:27:57:Infinity:57:32:57:Infinity": 5
			}
		}
	},
	"C:\\Users\\jorcleme\\projects\\dev-2-portfolio\\src\\lib\\components\\common\\StatBadge.svelte": {
		"path": "C:\\Users\\jorcleme\\projects\\dev-2-portfolio\\src\\lib\\components\\common\\StatBadge.svelte",
		"statementMap": {
			"0": { "start": { "line": 9, "column": 29 }, "end": { "line": 9, "column": null } },
			"1": { "start": { "line": 12, "column": 4 }, "end": { "line": 12, "column": 61 } },
			"2": { "start": { "line": 13, "column": 2 }, "end": { "line": 12, "column": 61 } },
			"3": { "start": { "line": 13, "column": 2 }, "end": { "line": 13, "column": null } },
			"4": { "start": { "line": 20, "column": 5 }, "end": { "line": 13, "column": null } },
			"5": { "start": { "line": 20, "column": 2 }, "end": { "line": 20, "column": null } },
			"6": { "start": { "line": 12, "column": 1 }, "end": { "line": 12, "column": 61 } },
			"7": { "start": { "line": 13, "column": 2 }, "end": { "line": 16, "column": null } }
		},
		"fnMap": {
			"0": {
				"name": "StatBadge",
				"decl": { "start": { "line": 1, "column": 0 }, "end": { "line": 1, "column": 1 } },
				"loc": { "start": { "line": 1, "column": 0 }, "end": { "line": 10, "column": null } },
				"line": 1
			}
		},
		"branchMap": {
			"0": {
				"loc": { "start": { "line": 12, "column": 61 }, "end": { "line": 12, "column": null } },
				"type": "cond-expr",
				"locations": [
					{ "start": { "line": 12, "column": 61 }, "end": { "line": 12, "column": null } },
					{ "start": { "line": 12, "column": 74 }, "end": { "line": 12, "column": null } }
				],
				"line": 12
			},
			"1": {
				"loc": { "start": { "line": 14, "column": 28 }, "end": { "line": 16, "column": 55 } },
				"type": "cond-expr",
				"locations": [
					{ "start": { "line": 15, "column": 5 }, "end": { "line": 15, "column": 78 } },
					{ "start": { "line": 16, "column": 5 }, "end": { "line": 16, "column": 55 } }
				],
				"line": 14
			}
		},
		"s": { "0": 8, "1": 8, "2": 8, "3": 8, "4": 8, "5": 8, "6": 8, "7": 8 },
		"f": { "0": 8 },
		"b": { "0": [4, 4], "1": [4, 4] },
		"meta": {
			"lastBranch": 2,
			"lastFunction": 1,
			"lastStatement": 8,
			"seen": {
				"f:1:0:1:1": 0,
				"s:9:29:9:Infinity": 0,
				"s:12:4:12:61": 1,
				"b:12:61:12:Infinity:12:74:12:Infinity": 0,
				"s:13:2:12:61": 2,
				"s:13:2:13:Infinity": 3,
				"s:20:5:13:Infinity": 4,
				"s:20:2:20:Infinity": 5,
				"s:12:1:12:61": 6,
				"s:13:2:16:Infinity": 7,
				"b:15:5:15:78:16:5:16:55": 1
			}
		}
	},
	"C:\\Users\\jorcleme\\projects\\dev-2-portfolio\\src\\lib\\components\\common\\Tooltip.svelte": {
		"path": "C:\\Users\\jorcleme\\projects\\dev-2-portfolio\\src\\lib\\components\\common\\Tooltip.svelte",
		"statementMap": {
			"0": { "start": { "line": 20, "column": 11 }, "end": { "line": 20, "column": null } },
			"1": { "start": { "line": 21, "column": 9 }, "end": { "line": 21, "column": null } },
			"2": { "start": { "line": 22, "column": 7 }, "end": { "line": 22, "column": null } },
			"3": { "start": { "line": 23, "column": 11 }, "end": { "line": 23, "column": null } },
			"4": { "start": { "line": 24, "column": 7 }, "end": { "line": 24, "column": null } },
			"5": { "start": { "line": 25, "column": 8 }, "end": { "line": 25, "column": null } },
			"6": { "start": { "line": 26, "column": 11 }, "end": { "line": 26, "column": null } },
			"7": { "start": { "line": 27, "column": 14 }, "end": { "line": 27, "column": null } },
			"8": { "start": { "line": 34, "column": 1 }, "end": { "line": 53, "column": null } },
			"9": { "start": { "line": 35, "column": 6 }, "end": { "line": 52, "column": null } },
			"10": { "start": { "line": 36, "column": 7 }, "end": { "line": 49, "column": null } },
			"11": { "start": { "line": 37, "column": 4 }, "end": { "line": 37, "column": null } },
			"12": { "start": { "line": 50, "column": 3 }, "end": { "line": 52, "column": null } },
			"13": { "start": { "line": 51, "column": 3 }, "end": { "line": 51, "column": null } },
			"14": { "start": { "line": 55, "column": 1 }, "end": { "line": 59, "column": null } },
			"15": { "start": { "line": 56, "column": 6 }, "end": { "line": 58, "column": null } },
			"16": { "start": { "line": 57, "column": 3 }, "end": { "line": 57, "column": null } },
			"17": { "start": { "line": 62, "column": 4 }, "end": { "line": 62, "column": 16 } },
			"18": { "start": { "line": 62, "column": 1 }, "end": { "line": 62, "column": 16 } },
			"19": { "start": { "line": 62, "column": 1 }, "end": { "line": 62, "column": 44 } },
			"20": { "start": { "line": 62, "column": 16 }, "end": { "line": 62, "column": 44 } },
			"21": { "start": { "line": 62, "column": 16 }, "end": { "line": 62, "column": 30 } },
			"22": { "start": { "line": 62, "column": 1 }, "end": { "line": 62, "column": 60 } },
			"23": { "start": { "line": 62, "column": 1 }, "end": { "line": 62, "column": null } }
		},
		"fnMap": {
			"0": {
				"name": "Tooltip",
				"decl": { "start": { "line": 1, "column": 0 }, "end": { "line": 1, "column": 1 } },
				"loc": { "start": { "line": 1, "column": 0 }, "end": { "line": 60, "column": null } },
				"line": 1
			},
			"1": {
				"name": "(anonymous_1)",
				"decl": { "start": { "line": 21, "column": 9 }, "end": { "line": 21, "column": null } },
				"loc": { "start": { "line": 21, "column": 9 }, "end": { "line": 21, "column": null } },
				"line": 21
			},
			"2": {
				"name": "(anonymous_2)",
				"decl": { "start": { "line": 25, "column": 8 }, "end": { "line": 25, "column": 12 } },
				"loc": { "start": { "line": 25, "column": 8 }, "end": { "line": 25, "column": null } },
				"line": 25
			},
			"3": {
				"name": "(anonymous_3)",
				"decl": { "start": { "line": 27, "column": 14 }, "end": { "line": 27, "column": null } },
				"loc": { "start": { "line": 27, "column": 14 }, "end": { "line": 27, "column": null } },
				"line": 27
			},
			"4": {
				"name": "(anonymous_4)",
				"decl": { "start": { "line": 34, "column": 8 }, "end": { "line": 34, "column": 15 } },
				"loc": { "start": { "line": 34, "column": 15 }, "end": { "line": 53, "column": 2 } },
				"line": 34
			},
			"5": {
				"name": "(anonymous_5)",
				"decl": { "start": { "line": 55, "column": 10 }, "end": { "line": 55, "column": 17 } },
				"loc": { "start": { "line": 55, "column": 17 }, "end": { "line": 59, "column": 2 } },
				"line": 55
			},
			"6": {
				"name": "(anonymous_6)",
				"decl": { "start": { "line": 62, "column": 4 }, "end": { "line": 62, "column": 16 } },
				"loc": { "start": { "line": 62, "column": 16 }, "end": { "line": 62, "column": 44 } },
				"line": 62
			},
			"7": {
				"name": "(anonymous_7)",
				"decl": { "start": { "line": 62, "column": 30 }, "end": { "line": 62, "column": 44 } },
				"loc": { "start": { "line": 62, "column": 16 }, "end": { "line": 62, "column": 30 } },
				"line": 62
			}
		},
		"branchMap": {
			"0": {
				"loc": { "start": { "line": 35, "column": 6 }, "end": { "line": 52, "column": null } },
				"type": "if",
				"locations": [
					{ "start": { "line": 35, "column": 6 }, "end": { "line": 52, "column": null } },
					{ "start": { "line": 50, "column": 3 }, "end": { "line": 52, "column": null } }
				],
				"line": 35
			},
			"1": {
				"loc": { "start": { "line": 35, "column": 6 }, "end": { "line": 35, "column": 33 } },
				"type": "binary-expr",
				"locations": [
					{ "start": { "line": 35, "column": 6 }, "end": { "line": 35, "column": 20 } },
					{ "start": { "line": 35, "column": 24 }, "end": { "line": 35, "column": 33 } }
				],
				"line": 35
			},
			"2": {
				"loc": { "start": { "line": 36, "column": 7 }, "end": { "line": 49, "column": null } },
				"type": "if",
				"locations": [
					{ "start": { "line": 36, "column": 7 }, "end": { "line": 49, "column": null } },
					{ "start": { "line": 38, "column": 10 }, "end": { "line": 49, "column": null } }
				],
				"line": 36
			},
			"3": {
				"loc": { "start": { "line": 44, "column": 9 }, "end": { "line": 44, "column": null } },
				"type": "cond-expr",
				"locations": [
					{ "start": { "line": 44, "column": 21 }, "end": { "line": 44, "column": 38 } },
					{ "start": { "line": 44, "column": 31 }, "end": { "line": 44, "column": null } }
				],
				"line": 44
			},
			"4": {
				"loc": { "start": { "line": 50, "column": 3 }, "end": { "line": 52, "column": null } },
				"type": "if",
				"locations": [
					{ "start": { "line": 50, "column": 3 }, "end": { "line": 52, "column": null } },
					{ "start": {}, "end": {} }
				],
				"line": 50
			},
			"5": {
				"loc": { "start": { "line": 50, "column": 13 }, "end": { "line": 50, "column": 48 } },
				"type": "binary-expr",
				"locations": [
					{ "start": { "line": 50, "column": 13 }, "end": { "line": 50, "column": 28 } },
					{ "start": { "line": 50, "column": 28 }, "end": { "line": 50, "column": 48 } }
				],
				"line": 50
			},
			"6": {
				"loc": { "start": { "line": 56, "column": 6 }, "end": { "line": 58, "column": null } },
				"type": "if",
				"locations": [
					{ "start": { "line": 56, "column": 6 }, "end": { "line": 58, "column": null } },
					{ "start": {}, "end": {} }
				],
				"line": 56
			}
		},
		"s": {
			"0": 20,
			"1": 0,
			"2": 20,
			"3": 20,
			"4": 20,
			"5": 20,
			"6": 20,
			"7": 20,
			"8": 20,
			"9": 20,
			"10": 20,
			"11": 0,
			"12": 0,
			"13": 0,
			"14": 20,
			"15": 15,
			"16": 15,
			"17": 20,
			"18": 20,
			"19": 20,
			"20": 35,
			"21": 35,
			"22": 20,
			"23": 20
		},
		"f": { "0": 20, "1": 0, "2": 20, "3": 20, "4": 20, "5": 15, "6": 35, "7": 35 },
		"b": {
			"0": [20, 0],
			"1": [20, 20],
			"2": [0, 20],
			"3": [0, 20],
			"4": [0, 0],
			"5": [0, 0],
			"6": [15, 0]
		},
		"meta": {
			"lastBranch": 7,
			"lastFunction": 8,
			"lastStatement": 24,
			"seen": {
				"f:1:0:1:1": 0,
				"s:20:11:20:Infinity": 0,
				"s:21:9:21:Infinity": 1,
				"f:21:9:21:Infinity": 1,
				"s:22:7:22:Infinity": 2,
				"s:23:11:23:Infinity": 3,
				"s:24:7:24:Infinity": 4,
				"s:25:8:25:Infinity": 5,
				"f:25:8:25:12": 2,
				"s:26:11:26:Infinity": 6,
				"s:27:14:27:Infinity": 7,
				"f:27:14:27:Infinity": 3,
				"s:34:1:53:Infinity": 8,
				"f:34:8:34:15": 4,
				"b:35:6:52:Infinity:50:3:52:Infinity": 0,
				"s:35:6:52:Infinity": 9,
				"b:35:6:35:20:35:24:35:33": 1,
				"b:36:7:49:Infinity:38:10:49:Infinity": 2,
				"s:36:7:49:Infinity": 10,
				"s:37:4:37:Infinity": 11,
				"b:44:21:44:38:44:31:44:Infinity": 3,
				"b:50:3:52:Infinity:undefined:undefined:undefined:undefined": 4,
				"s:50:3:52:Infinity": 12,
				"b:50:13:50:28:50:28:50:48": 5,
				"s:51:3:51:Infinity": 13,
				"s:55:1:59:Infinity": 14,
				"f:55:10:55:17": 5,
				"b:56:6:58:Infinity:undefined:undefined:undefined:undefined": 6,
				"s:56:6:58:Infinity": 15,
				"s:57:3:57:Infinity": 16,
				"s:62:4:62:16": 17,
				"s:62:1:62:16": 18,
				"s:62:1:62:44": 19,
				"f:62:4:62:16": 6,
				"s:62:16:62:44": 20,
				"f:62:30:62:44": 7,
				"s:62:16:62:30": 21,
				"s:62:1:62:60": 22,
				"s:62:1:62:Infinity": 23
			}
		}
	},
	"C:\\Users\\jorcleme\\projects\\dev-2-portfolio\\src\\lib\\components\\icons\\Basketball.svelte": {
		"path": "C:\\Users\\jorcleme\\projects\\dev-2-portfolio\\src\\lib\\components\\icons\\Basketball.svelte",
		"statementMap": {
			"0": { "start": { "line": 6, "column": 16 }, "end": { "line": 6, "column": null } },
			"1": { "start": { "line": 9, "column": 4 }, "end": { "line": 9, "column": 67 } },
			"2": { "start": { "line": 9, "column": 1 }, "end": { "line": 9, "column": null } },
			"3": { "start": { "line": 9, "column": 1 }, "end": { "line": 9, "column": 67 } }
		},
		"fnMap": {
			"0": {
				"name": "Basketball",
				"decl": { "start": { "line": 1, "column": 0 }, "end": { "line": 1, "column": 1 } },
				"loc": { "start": { "line": 1, "column": 0 }, "end": { "line": 7, "column": null } },
				"line": 1
			},
			"1": {
				"name": "(anonymous_1)",
				"decl": { "start": { "line": 9, "column": 1 }, "end": { "line": 9, "column": 4 } },
				"loc": { "start": { "line": 9, "column": 1 }, "end": { "line": 9, "column": null } },
				"line": 9
			}
		},
		"branchMap": {},
		"s": { "0": 4, "1": 4, "2": 4, "3": 4 },
		"f": { "0": 4, "1": 4 },
		"b": {},
		"meta": {
			"lastBranch": 0,
			"lastFunction": 2,
			"lastStatement": 4,
			"seen": {
				"f:1:0:1:1": 0,
				"s:6:16:6:Infinity": 0,
				"s:9:4:9:67": 1,
				"s:9:1:9:Infinity": 2,
				"f:9:1:9:4": 1,
				"s:9:1:9:67": 3
			}
		}
	},
	"C:\\Users\\jorcleme\\projects\\dev-2-portfolio\\src\\lib\\components\\icons\\Bicycle.svelte": {
		"path": "C:\\Users\\jorcleme\\projects\\dev-2-portfolio\\src\\lib\\components\\icons\\Bicycle.svelte",
		"statementMap": {
			"0": { "start": { "line": 5, "column": 16 }, "end": { "line": 5, "column": null } },
			"1": { "start": { "line": 8, "column": 4 }, "end": { "line": 8, "column": 67 } },
			"2": { "start": { "line": 8, "column": 1 }, "end": { "line": 8, "column": null } },
			"3": { "start": { "line": 8, "column": 1 }, "end": { "line": 8, "column": 67 } }
		},
		"fnMap": {
			"0": {
				"name": "Bicycle",
				"decl": { "start": { "line": 1, "column": 0 }, "end": { "line": 1, "column": 1 } },
				"loc": { "start": { "line": 1, "column": 0 }, "end": { "line": 6, "column": null } },
				"line": 1
			},
			"1": {
				"name": "(anonymous_1)",
				"decl": { "start": { "line": 8, "column": 1 }, "end": { "line": 8, "column": 4 } },
				"loc": { "start": { "line": 8, "column": 1 }, "end": { "line": 8, "column": null } },
				"line": 8
			}
		},
		"branchMap": {},
		"s": { "0": 4, "1": 4, "2": 4, "3": 4 },
		"f": { "0": 4, "1": 4 },
		"b": {},
		"meta": {
			"lastBranch": 0,
			"lastFunction": 2,
			"lastStatement": 4,
			"seen": {
				"f:1:0:1:1": 0,
				"s:5:16:5:Infinity": 0,
				"s:8:4:8:67": 1,
				"s:8:1:8:Infinity": 2,
				"f:8:1:8:4": 1,
				"s:8:1:8:67": 3
			}
		}
	},
	"C:\\Users\\jorcleme\\projects\\dev-2-portfolio\\src\\lib\\components\\icons\\Building.svelte": {
		"path": "C:\\Users\\jorcleme\\projects\\dev-2-portfolio\\src\\lib\\components\\icons\\Building.svelte",
		"statementMap": {
			"0": { "start": { "line": 5, "column": 16 }, "end": { "line": 5, "column": null } },
			"1": { "start": { "line": 8, "column": 4 }, "end": { "line": 8, "column": 67 } },
			"2": { "start": { "line": 8, "column": 1 }, "end": { "line": 8, "column": null } },
			"3": { "start": { "line": 8, "column": 1 }, "end": { "line": 8, "column": 67 } }
		},
		"fnMap": {
			"0": {
				"name": "Building",
				"decl": { "start": { "line": 1, "column": 0 }, "end": { "line": 1, "column": 1 } },
				"loc": { "start": { "line": 1, "column": 0 }, "end": { "line": 6, "column": null } },
				"line": 1
			},
			"1": {
				"name": "(anonymous_1)",
				"decl": { "start": { "line": 8, "column": 1 }, "end": { "line": 8, "column": 4 } },
				"loc": { "start": { "line": 8, "column": 1 }, "end": { "line": 8, "column": null } },
				"line": 8
			}
		},
		"branchMap": {},
		"s": { "0": 12, "1": 12, "2": 12, "3": 12 },
		"f": { "0": 12, "1": 12 },
		"b": {},
		"meta": {
			"lastBranch": 0,
			"lastFunction": 2,
			"lastStatement": 4,
			"seen": {
				"f:1:0:1:1": 0,
				"s:5:16:5:Infinity": 0,
				"s:8:4:8:67": 1,
				"s:8:1:8:Infinity": 2,
				"f:8:1:8:4": 1,
				"s:8:1:8:67": 3
			}
		}
	},
	"C:\\Users\\jorcleme\\projects\\dev-2-portfolio\\src\\lib\\components\\icons\\Calendar.svelte": {
		"path": "C:\\Users\\jorcleme\\projects\\dev-2-portfolio\\src\\lib\\components\\icons\\Calendar.svelte",
		"statementMap": {
			"0": { "start": { "line": 5, "column": 16 }, "end": { "line": 5, "column": null } },
			"1": { "start": { "line": 8, "column": 4 }, "end": { "line": 8, "column": 67 } },
			"2": { "start": { "line": 8, "column": 1 }, "end": { "line": 8, "column": null } },
			"3": { "start": { "line": 8, "column": 1 }, "end": { "line": 8, "column": 67 } }
		},
		"fnMap": {
			"0": {
				"name": "Calendar",
				"decl": { "start": { "line": 1, "column": 0 }, "end": { "line": 1, "column": 1 } },
				"loc": { "start": { "line": 1, "column": 0 }, "end": { "line": 6, "column": null } },
				"line": 1
			},
			"1": {
				"name": "(anonymous_1)",
				"decl": { "start": { "line": 8, "column": 1 }, "end": { "line": 8, "column": 4 } },
				"loc": { "start": { "line": 8, "column": 1 }, "end": { "line": 8, "column": null } },
				"line": 8
			}
		},
		"branchMap": {},
		"s": { "0": 16, "1": 16, "2": 16, "3": 16 },
		"f": { "0": 16, "1": 16 },
		"b": {},
		"meta": {
			"lastBranch": 0,
			"lastFunction": 2,
			"lastStatement": 4,
			"seen": {
				"f:1:0:1:1": 0,
				"s:5:16:5:Infinity": 0,
				"s:8:4:8:67": 1,
				"s:8:1:8:Infinity": 2,
				"f:8:1:8:4": 1,
				"s:8:1:8:67": 3
			}
		}
	},
	"C:\\Users\\jorcleme\\projects\\dev-2-portfolio\\src\\lib\\components\\icons\\ChatBot.svelte": {
		"path": "C:\\Users\\jorcleme\\projects\\dev-2-portfolio\\src\\lib\\components\\icons\\ChatBot.svelte",
		"statementMap": {
			"0": { "start": { "line": 6, "column": 16 }, "end": { "line": 6, "column": null } },
			"1": { "start": { "line": 9, "column": 4 }, "end": { "line": 9, "column": 47 } },
			"2": { "start": { "line": 9, "column": 1 }, "end": { "line": 9, "column": null } },
			"3": { "start": { "line": 9, "column": 1 }, "end": { "line": 9, "column": 47 } }
		},
		"fnMap": {
			"0": {
				"name": "ChatBot",
				"decl": { "start": { "line": 1, "column": 0 }, "end": { "line": 1, "column": 1 } },
				"loc": { "start": { "line": 1, "column": 0 }, "end": { "line": 7, "column": null } },
				"line": 1
			},
			"1": {
				"name": "(anonymous_1)",
				"decl": { "start": { "line": 9, "column": 1 }, "end": { "line": 9, "column": 4 } },
				"loc": { "start": { "line": 9, "column": 1 }, "end": { "line": 9, "column": null } },
				"line": 9
			}
		},
		"branchMap": {},
		"s": { "0": 4, "1": 4, "2": 4, "3": 4 },
		"f": { "0": 4, "1": 4 },
		"b": {},
		"meta": {
			"lastBranch": 0,
			"lastFunction": 2,
			"lastStatement": 4,
			"seen": {
				"f:1:0:1:1": 0,
				"s:6:16:6:Infinity": 0,
				"s:9:4:9:47": 1,
				"s:9:1:9:Infinity": 2,
				"f:9:1:9:4": 1,
				"s:9:1:9:47": 3
			}
		}
	},
	"C:\\Users\\jorcleme\\projects\\dev-2-portfolio\\src\\lib\\components\\icons\\CheckMarkFilled.svelte": {
		"path": "C:\\Users\\jorcleme\\projects\\dev-2-portfolio\\src\\lib\\components\\icons\\CheckMarkFilled.svelte",
		"statementMap": {
			"0": { "start": { "line": 5, "column": 16 }, "end": { "line": 5, "column": null } },
			"1": { "start": { "line": 8, "column": 4 }, "end": { "line": 8, "column": 67 } },
			"2": { "start": { "line": 8, "column": 1 }, "end": { "line": 8, "column": null } },
			"3": { "start": { "line": 8, "column": 1 }, "end": { "line": 8, "column": 67 } }
		},
		"fnMap": {
			"0": {
				"name": "CheckMarkFilled",
				"decl": { "start": { "line": 1, "column": 0 }, "end": { "line": 1, "column": 1 } },
				"loc": { "start": { "line": 1, "column": 0 }, "end": { "line": 6, "column": null } },
				"line": 1
			},
			"1": {
				"name": "(anonymous_1)",
				"decl": { "start": { "line": 8, "column": 1 }, "end": { "line": 8, "column": 4 } },
				"loc": { "start": { "line": 8, "column": 1 }, "end": { "line": 8, "column": null } },
				"line": 8
			}
		},
		"branchMap": {},
		"s": { "0": 4, "1": 4, "2": 4, "3": 4 },
		"f": { "0": 4, "1": 4 },
		"b": {},
		"meta": {
			"lastBranch": 0,
			"lastFunction": 2,
			"lastStatement": 4,
			"seen": {
				"f:1:0:1:1": 0,
				"s:5:16:5:Infinity": 0,
				"s:8:4:8:67": 1,
				"s:8:1:8:Infinity": 2,
				"f:8:1:8:4": 1,
				"s:8:1:8:67": 3
			}
		}
	},
	"C:\\Users\\jorcleme\\projects\\dev-2-portfolio\\src\\lib\\components\\icons\\Code.svelte": {
		"path": "C:\\Users\\jorcleme\\projects\\dev-2-portfolio\\src\\lib\\components\\icons\\Code.svelte",
		"statementMap": {
			"0": { "start": { "line": 5, "column": 16 }, "end": { "line": 5, "column": null } },
			"1": { "start": { "line": 8, "column": 4 }, "end": { "line": 8, "column": 67 } },
			"2": { "start": { "line": 8, "column": 1 }, "end": { "line": 8, "column": null } },
			"3": { "start": { "line": 8, "column": 1 }, "end": { "line": 8, "column": 67 } }
		},
		"fnMap": {
			"0": {
				"name": "Code",
				"decl": { "start": { "line": 1, "column": 0 }, "end": { "line": 1, "column": 1 } },
				"loc": { "start": { "line": 1, "column": 0 }, "end": { "line": 6, "column": null } },
				"line": 1
			},
			"1": {
				"name": "(anonymous_1)",
				"decl": { "start": { "line": 8, "column": 1 }, "end": { "line": 8, "column": 4 } },
				"loc": { "start": { "line": 8, "column": 1 }, "end": { "line": 8, "column": null } },
				"line": 8
			}
		},
		"branchMap": {},
		"s": { "0": 4, "1": 4, "2": 4, "3": 4 },
		"f": { "0": 4, "1": 4 },
		"b": {},
		"meta": {
			"lastBranch": 0,
			"lastFunction": 2,
			"lastStatement": 4,
			"seen": {
				"f:1:0:1:1": 0,
				"s:5:16:5:Infinity": 0,
				"s:8:4:8:67": 1,
				"s:8:1:8:Infinity": 2,
				"f:8:1:8:4": 1,
				"s:8:1:8:67": 3
			}
		}
	},
	"C:\\Users\\jorcleme\\projects\\dev-2-portfolio\\src\\lib\\components\\icons\\DevOps.svelte": {
		"path": "C:\\Users\\jorcleme\\projects\\dev-2-portfolio\\src\\lib\\components\\icons\\DevOps.svelte",
		"statementMap": {
			"0": { "start": { "line": 5, "column": 16 }, "end": { "line": 5, "column": null } },
			"1": { "start": { "line": 8, "column": 4 }, "end": { "line": 8, "column": 67 } },
			"2": { "start": { "line": 8, "column": 1 }, "end": { "line": 8, "column": null } },
			"3": { "start": { "line": 8, "column": 1 }, "end": { "line": 8, "column": 67 } }
		},
		"fnMap": {
			"0": {
				"name": "DevOps",
				"decl": { "start": { "line": 1, "column": 0 }, "end": { "line": 1, "column": 1 } },
				"loc": { "start": { "line": 1, "column": 0 }, "end": { "line": 6, "column": null } },
				"line": 1
			},
			"1": {
				"name": "(anonymous_1)",
				"decl": { "start": { "line": 8, "column": 1 }, "end": { "line": 8, "column": 4 } },
				"loc": { "start": { "line": 8, "column": 1 }, "end": { "line": 8, "column": null } },
				"line": 8
			}
		},
		"branchMap": {},
		"s": { "0": 4, "1": 4, "2": 4, "3": 4 },
		"f": { "0": 4, "1": 4 },
		"b": {},
		"meta": {
			"lastBranch": 0,
			"lastFunction": 2,
			"lastStatement": 4,
			"seen": {
				"f:1:0:1:1": 0,
				"s:5:16:5:Infinity": 0,
				"s:8:4:8:67": 1,
				"s:8:1:8:Infinity": 2,
				"f:8:1:8:4": 1,
				"s:8:1:8:67": 3
			}
		}
	},
	"C:\\Users\\jorcleme\\projects\\dev-2-portfolio\\src\\lib\\components\\icons\\DirectLink.svelte": {
		"path": "C:\\Users\\jorcleme\\projects\\dev-2-portfolio\\src\\lib\\components\\icons\\DirectLink.svelte",
		"statementMap": {
			"0": { "start": { "line": 5, "column": 16 }, "end": { "line": 5, "column": null } },
			"1": { "start": { "line": 8, "column": 4 }, "end": { "line": 8, "column": 67 } },
			"2": { "start": { "line": 8, "column": 1 }, "end": { "line": 8, "column": null } },
			"3": { "start": { "line": 8, "column": 1 }, "end": { "line": 8, "column": 67 } }
		},
		"fnMap": {
			"0": {
				"name": "DirectLink",
				"decl": { "start": { "line": 1, "column": 0 }, "end": { "line": 1, "column": 1 } },
				"loc": { "start": { "line": 1, "column": 0 }, "end": { "line": 6, "column": null } },
				"line": 1
			},
			"1": {
				"name": "(anonymous_1)",
				"decl": { "start": { "line": 8, "column": 1 }, "end": { "line": 8, "column": 4 } },
				"loc": { "start": { "line": 8, "column": 1 }, "end": { "line": 8, "column": null } },
				"line": 8
			}
		},
		"branchMap": {},
		"s": { "0": 8, "1": 8, "2": 8, "3": 8 },
		"f": { "0": 8, "1": 8 },
		"b": {},
		"meta": {
			"lastBranch": 0,
			"lastFunction": 2,
			"lastStatement": 4,
			"seen": {
				"f:1:0:1:1": 0,
				"s:5:16:5:Infinity": 0,
				"s:8:4:8:67": 1,
				"s:8:1:8:Infinity": 2,
				"f:8:1:8:4": 1,
				"s:8:1:8:67": 3
			}
		}
	},
	"C:\\Users\\jorcleme\\projects\\dev-2-portfolio\\src\\lib\\components\\icons\\Education.svelte": {
		"path": "C:\\Users\\jorcleme\\projects\\dev-2-portfolio\\src\\lib\\components\\icons\\Education.svelte",
		"statementMap": {
			"0": { "start": { "line": 6, "column": 16 }, "end": { "line": 6, "column": null } },
			"1": { "start": { "line": 9, "column": 4 }, "end": { "line": 9, "column": 67 } },
			"2": { "start": { "line": 9, "column": 1 }, "end": { "line": 9, "column": null } },
			"3": { "start": { "line": 9, "column": 1 }, "end": { "line": 9, "column": 67 } }
		},
		"fnMap": {
			"0": {
				"name": "Education",
				"decl": { "start": { "line": 1, "column": 0 }, "end": { "line": 1, "column": 1 } },
				"loc": { "start": { "line": 1, "column": 0 }, "end": { "line": 7, "column": null } },
				"line": 1
			},
			"1": {
				"name": "(anonymous_1)",
				"decl": { "start": { "line": 9, "column": 1 }, "end": { "line": 9, "column": 4 } },
				"loc": { "start": { "line": 9, "column": 1 }, "end": { "line": 9, "column": null } },
				"line": 9
			}
		},
		"branchMap": {},
		"s": { "0": 4, "1": 4, "2": 4, "3": 4 },
		"f": { "0": 4, "1": 4 },
		"b": {},
		"meta": {
			"lastBranch": 0,
			"lastFunction": 2,
			"lastStatement": 4,
			"seen": {
				"f:1:0:1:1": 0,
				"s:6:16:6:Infinity": 0,
				"s:9:4:9:67": 1,
				"s:9:1:9:Infinity": 2,
				"f:9:1:9:4": 1,
				"s:9:1:9:67": 3
			}
		}
	},
	"C:\\Users\\jorcleme\\projects\\dev-2-portfolio\\src\\lib\\components\\icons\\FishMultiple.svelte": {
		"path": "C:\\Users\\jorcleme\\projects\\dev-2-portfolio\\src\\lib\\components\\icons\\FishMultiple.svelte",
		"statementMap": {
			"0": { "start": { "line": 6, "column": 16 }, "end": { "line": 6, "column": null } },
			"1": { "start": { "line": 9, "column": 4 }, "end": { "line": 9, "column": 67 } },
			"2": { "start": { "line": 9, "column": 1 }, "end": { "line": 9, "column": null } },
			"3": { "start": { "line": 9, "column": 1 }, "end": { "line": 9, "column": 67 } }
		},
		"fnMap": {
			"0": {
				"name": "FishMultiple",
				"decl": { "start": { "line": 1, "column": 0 }, "end": { "line": 1, "column": 1 } },
				"loc": { "start": { "line": 1, "column": 0 }, "end": { "line": 7, "column": null } },
				"line": 1
			},
			"1": {
				"name": "(anonymous_1)",
				"decl": { "start": { "line": 9, "column": 1 }, "end": { "line": 9, "column": 4 } },
				"loc": { "start": { "line": 9, "column": 1 }, "end": { "line": 9, "column": null } },
				"line": 9
			}
		},
		"branchMap": {},
		"s": { "0": 4, "1": 4, "2": 4, "3": 4 },
		"f": { "0": 4, "1": 4 },
		"b": {},
		"meta": {
			"lastBranch": 0,
			"lastFunction": 2,
			"lastStatement": 4,
			"seen": {
				"f:1:0:1:1": 0,
				"s:6:16:6:Infinity": 0,
				"s:9:4:9:67": 1,
				"s:9:1:9:Infinity": 2,
				"f:9:1:9:4": 1,
				"s:9:1:9:67": 3
			}
		}
	},
	"C:\\Users\\jorcleme\\projects\\dev-2-portfolio\\src\\lib\\components\\icons\\GitHub.svelte": {
		"path": "C:\\Users\\jorcleme\\projects\\dev-2-portfolio\\src\\lib\\components\\icons\\GitHub.svelte",
		"statementMap": {
			"0": { "start": { "line": 5, "column": 16 }, "end": { "line": 5, "column": null } },
			"1": { "start": { "line": 8, "column": 4 }, "end": { "line": 8, "column": 67 } },
			"2": { "start": { "line": 8, "column": 1 }, "end": { "line": 8, "column": null } },
			"3": { "start": { "line": 8, "column": 1 }, "end": { "line": 8, "column": 67 } }
		},
		"fnMap": {
			"0": {
				"name": "GitHub",
				"decl": { "start": { "line": 1, "column": 0 }, "end": { "line": 1, "column": 1 } },
				"loc": { "start": { "line": 1, "column": 0 }, "end": { "line": 6, "column": null } },
				"line": 1
			},
			"1": {
				"name": "(anonymous_1)",
				"decl": { "start": { "line": 8, "column": 1 }, "end": { "line": 8, "column": 4 } },
				"loc": { "start": { "line": 8, "column": 1 }, "end": { "line": 8, "column": null } },
				"line": 8
			}
		},
		"branchMap": {},
		"s": { "0": 29, "1": 29, "2": 29, "3": 29 },
		"f": { "0": 29, "1": 29 },
		"b": {},
		"meta": {
			"lastBranch": 0,
			"lastFunction": 2,
			"lastStatement": 4,
			"seen": {
				"f:1:0:1:1": 0,
				"s:5:16:5:Infinity": 0,
				"s:8:4:8:67": 1,
				"s:8:1:8:Infinity": 2,
				"f:8:1:8:4": 1,
				"s:8:1:8:67": 3
			}
		}
	},
	"C:\\Users\\jorcleme\\projects\\dev-2-portfolio\\src\\lib\\components\\icons\\Linkedin.svelte": {
		"path": "C:\\Users\\jorcleme\\projects\\dev-2-portfolio\\src\\lib\\components\\icons\\Linkedin.svelte",
		"statementMap": {
			"0": { "start": { "line": 6, "column": 16 }, "end": { "line": 6, "column": null } },
			"1": { "start": { "line": 9, "column": 4 }, "end": { "line": 9, "column": 87 } },
			"2": { "start": { "line": 9, "column": 1 }, "end": { "line": 9, "column": null } },
			"3": { "start": { "line": 9, "column": 1 }, "end": { "line": 9, "column": 87 } }
		},
		"fnMap": {
			"0": {
				"name": "Linkedin",
				"decl": { "start": { "line": 1, "column": 0 }, "end": { "line": 1, "column": 1 } },
				"loc": { "start": { "line": 1, "column": 0 }, "end": { "line": 7, "column": null } },
				"line": 1
			},
			"1": {
				"name": "(anonymous_1)",
				"decl": { "start": { "line": 9, "column": 1 }, "end": { "line": 9, "column": 4 } },
				"loc": { "start": { "line": 9, "column": 1 }, "end": { "line": 9, "column": null } },
				"line": 9
			}
		},
		"branchMap": {},
		"s": { "0": 17, "1": 17, "2": 17, "3": 17 },
		"f": { "0": 17, "1": 17 },
		"b": {},
		"meta": {
			"lastBranch": 0,
			"lastFunction": 2,
			"lastStatement": 4,
			"seen": {
				"f:1:0:1:1": 0,
				"s:6:16:6:Infinity": 0,
				"s:9:4:9:87": 1,
				"s:9:1:9:Infinity": 2,
				"f:9:1:9:4": 1,
				"s:9:1:9:87": 3
			}
		}
	},
	"C:\\Users\\jorcleme\\projects\\dev-2-portfolio\\src\\lib\\components\\icons\\Location.svelte": {
		"path": "C:\\Users\\jorcleme\\projects\\dev-2-portfolio\\src\\lib\\components\\icons\\Location.svelte",
		"statementMap": {
			"0": { "start": { "line": 6, "column": 16 }, "end": { "line": 6, "column": null } },
			"1": { "start": { "line": 9, "column": 4 }, "end": { "line": 9, "column": 67 } },
			"2": { "start": { "line": 9, "column": 1 }, "end": { "line": 9, "column": null } },
			"3": { "start": { "line": 9, "column": 1 }, "end": { "line": 9, "column": 67 } }
		},
		"fnMap": {
			"0": {
				"name": "Location",
				"decl": { "start": { "line": 1, "column": 0 }, "end": { "line": 1, "column": 1 } },
				"loc": { "start": { "line": 1, "column": 0 }, "end": { "line": 7, "column": null } },
				"line": 1
			},
			"1": {
				"name": "(anonymous_1)",
				"decl": { "start": { "line": 9, "column": 1 }, "end": { "line": 9, "column": 4 } },
				"loc": { "start": { "line": 9, "column": 1 }, "end": { "line": 9, "column": null } },
				"line": 9
			}
		},
		"branchMap": {},
		"s": { "0": 16, "1": 16, "2": 16, "3": 16 },
		"f": { "0": 16, "1": 16 },
		"b": {},
		"meta": {
			"lastBranch": 0,
			"lastFunction": 2,
			"lastStatement": 4,
			"seen": {
				"f:1:0:1:1": 0,
				"s:6:16:6:Infinity": 0,
				"s:9:4:9:67": 1,
				"s:9:1:9:Infinity": 2,
				"f:9:1:9:4": 1,
				"s:9:1:9:67": 3
			}
		}
	},
	"C:\\Users\\jorcleme\\projects\\dev-2-portfolio\\src\\lib\\components\\icons\\Mail.svelte": {
		"path": "C:\\Users\\jorcleme\\projects\\dev-2-portfolio\\src\\lib\\components\\icons\\Mail.svelte",
		"statementMap": {
			"0": { "start": { "line": 6, "column": 16 }, "end": { "line": 6, "column": null } },
			"1": { "start": { "line": 9, "column": 1 }, "end": { "line": 9, "column": null } },
			"2": { "start": { "line": 9, "column": 1 }, "end": { "line": 15, "column": null } }
		},
		"fnMap": {
			"0": {
				"name": "Mail",
				"decl": { "start": { "line": 1, "column": 0 }, "end": { "line": 1, "column": 1 } },
				"loc": { "start": { "line": 1, "column": 0 }, "end": { "line": 7, "column": null } },
				"line": 1
			},
			"1": {
				"name": "(anonymous_1)",
				"decl": { "start": { "line": 9, "column": 1 }, "end": { "line": 9, "column": null } },
				"loc": { "start": { "line": 9, "column": 1 }, "end": { "line": 15, "column": null } },
				"line": 9
			}
		},
		"branchMap": {},
		"s": { "0": 21, "1": 21, "2": 21 },
		"f": { "0": 21, "1": 21 },
		"b": {},
		"meta": {
			"lastBranch": 0,
			"lastFunction": 2,
			"lastStatement": 3,
			"seen": {
				"f:1:0:1:1": 0,
				"s:6:16:6:Infinity": 0,
				"s:9:1:9:Infinity": 1,
				"s:9:1:15:Infinity": 2,
				"f:9:1:9:Infinity": 1
			}
		}
	},
	"C:\\Users\\jorcleme\\projects\\dev-2-portfolio\\src\\lib\\components\\icons\\Mountain.svelte": {
		"path": "C:\\Users\\jorcleme\\projects\\dev-2-portfolio\\src\\lib\\components\\icons\\Mountain.svelte",
		"statementMap": {
			"0": { "start": { "line": 5, "column": 16 }, "end": { "line": 5, "column": null } },
			"1": { "start": { "line": 8, "column": 4 }, "end": { "line": 8, "column": 67 } },
			"2": { "start": { "line": 8, "column": 1 }, "end": { "line": 8, "column": null } },
			"3": { "start": { "line": 8, "column": 1 }, "end": { "line": 8, "column": 67 } }
		},
		"fnMap": {
			"0": {
				"name": "Mountain",
				"decl": { "start": { "line": 1, "column": 0 }, "end": { "line": 1, "column": 1 } },
				"loc": { "start": { "line": 1, "column": 0 }, "end": { "line": 6, "column": null } },
				"line": 1
			},
			"1": {
				"name": "(anonymous_1)",
				"decl": { "start": { "line": 8, "column": 1 }, "end": { "line": 8, "column": 4 } },
				"loc": { "start": { "line": 8, "column": 1 }, "end": { "line": 8, "column": null } },
				"line": 8
			}
		},
		"branchMap": {},
		"s": { "0": 4, "1": 4, "2": 4, "3": 4 },
		"f": { "0": 4, "1": 4 },
		"b": {},
		"meta": {
			"lastBranch": 0,
			"lastFunction": 2,
			"lastStatement": 4,
			"seen": {
				"f:1:0:1:1": 0,
				"s:5:16:5:Infinity": 0,
				"s:8:4:8:67": 1,
				"s:8:1:8:Infinity": 2,
				"f:8:1:8:4": 1,
				"s:8:1:8:67": 3
			}
		}
	},
	"C:\\Users\\jorcleme\\projects\\dev-2-portfolio\\src\\lib\\components\\icons\\PaintBrush.svelte": {
		"path": "C:\\Users\\jorcleme\\projects\\dev-2-portfolio\\src\\lib\\components\\icons\\PaintBrush.svelte",
		"statementMap": {
			"0": { "start": { "line": 5, "column": 16 }, "end": { "line": 5, "column": null } },
			"1": { "start": { "line": 8, "column": 4 }, "end": { "line": 8, "column": 67 } },
			"2": { "start": { "line": 8, "column": 1 }, "end": { "line": 8, "column": null } },
			"3": { "start": { "line": 8, "column": 1 }, "end": { "line": 8, "column": 67 } }
		},
		"fnMap": {
			"0": {
				"name": "PaintBrush",
				"decl": { "start": { "line": 1, "column": 0 }, "end": { "line": 1, "column": 1 } },
				"loc": { "start": { "line": 1, "column": 0 }, "end": { "line": 6, "column": null } },
				"line": 1
			},
			"1": {
				"name": "(anonymous_1)",
				"decl": { "start": { "line": 8, "column": 1 }, "end": { "line": 8, "column": 4 } },
				"loc": { "start": { "line": 8, "column": 1 }, "end": { "line": 8, "column": null } },
				"line": 8
			}
		},
		"branchMap": {},
		"s": { "0": 4, "1": 4, "2": 4, "3": 4 },
		"f": { "0": 4, "1": 4 },
		"b": {},
		"meta": {
			"lastBranch": 0,
			"lastFunction": 2,
			"lastStatement": 4,
			"seen": {
				"f:1:0:1:1": 0,
				"s:5:16:5:Infinity": 0,
				"s:8:4:8:67": 1,
				"s:8:1:8:Infinity": 2,
				"f:8:1:8:4": 1,
				"s:8:1:8:67": 3
			}
		}
	},
	"C:\\Users\\jorcleme\\projects\\dev-2-portfolio\\src\\lib\\components\\icons\\Running.svelte": {
		"path": "C:\\Users\\jorcleme\\projects\\dev-2-portfolio\\src\\lib\\components\\icons\\Running.svelte",
		"statementMap": {
			"0": { "start": { "line": 5, "column": 16 }, "end": { "line": 5, "column": null } },
			"1": { "start": { "line": 8, "column": 4 }, "end": { "line": 8, "column": 67 } },
			"2": { "start": { "line": 8, "column": 1 }, "end": { "line": 8, "column": null } },
			"3": { "start": { "line": 8, "column": 1 }, "end": { "line": 8, "column": 67 } }
		},
		"fnMap": {
			"0": {
				"name": "Running",
				"decl": { "start": { "line": 1, "column": 0 }, "end": { "line": 1, "column": 1 } },
				"loc": { "start": { "line": 1, "column": 0 }, "end": { "line": 6, "column": null } },
				"line": 1
			},
			"1": {
				"name": "(anonymous_1)",
				"decl": { "start": { "line": 8, "column": 1 }, "end": { "line": 8, "column": 4 } },
				"loc": { "start": { "line": 8, "column": 1 }, "end": { "line": 8, "column": null } },
				"line": 8
			}
		},
		"branchMap": {},
		"s": { "0": 4, "1": 4, "2": 4, "3": 4 },
		"f": { "0": 4, "1": 4 },
		"b": {},
		"meta": {
			"lastBranch": 0,
			"lastFunction": 2,
			"lastStatement": 4,
			"seen": {
				"f:1:0:1:1": 0,
				"s:5:16:5:Infinity": 0,
				"s:8:4:8:67": 1,
				"s:8:1:8:Infinity": 2,
				"f:8:1:8:4": 1,
				"s:8:1:8:67": 3
			}
		}
	},
	"C:\\Users\\jorcleme\\projects\\dev-2-portfolio\\src\\lib\\components\\icons\\ShoppingBag.svelte": {
		"path": "C:\\Users\\jorcleme\\projects\\dev-2-portfolio\\src\\lib\\components\\icons\\ShoppingBag.svelte",
		"statementMap": {
			"0": { "start": { "line": 5, "column": 16 }, "end": { "line": 5, "column": null } },
			"1": { "start": { "line": 8, "column": 4 }, "end": { "line": 8, "column": 67 } },
			"2": { "start": { "line": 8, "column": 1 }, "end": { "line": 8, "column": null } },
			"3": { "start": { "line": 8, "column": 1 }, "end": { "line": 8, "column": 67 } }
		},
		"fnMap": {
			"0": {
				"name": "ShoppingBag",
				"decl": { "start": { "line": 1, "column": 0 }, "end": { "line": 1, "column": 1 } },
				"loc": { "start": { "line": 1, "column": 0 }, "end": { "line": 6, "column": null } },
				"line": 1
			},
			"1": {
				"name": "(anonymous_1)",
				"decl": { "start": { "line": 8, "column": 1 }, "end": { "line": 8, "column": 4 } },
				"loc": { "start": { "line": 8, "column": 1 }, "end": { "line": 8, "column": null } },
				"line": 8
			}
		},
		"branchMap": {},
		"s": { "0": 12, "1": 12, "2": 12, "3": 12 },
		"f": { "0": 12, "1": 12 },
		"b": {},
		"meta": {
			"lastBranch": 0,
			"lastFunction": 2,
			"lastStatement": 4,
			"seen": {
				"f:1:0:1:1": 0,
				"s:5:16:5:Infinity": 0,
				"s:8:4:8:67": 1,
				"s:8:1:8:Infinity": 2,
				"f:8:1:8:4": 1,
				"s:8:1:8:67": 3
			}
		}
	},
	"C:\\Users\\jorcleme\\projects\\dev-2-portfolio\\src\\lib\\components\\icons\\Theatre.svelte": {
		"path": "C:\\Users\\jorcleme\\projects\\dev-2-portfolio\\src\\lib\\components\\icons\\Theatre.svelte",
		"statementMap": {
			"0": { "start": { "line": 5, "column": 16 }, "end": { "line": 5, "column": null } },
			"1": { "start": { "line": 8, "column": 4 }, "end": { "line": 8, "column": 67 } },
			"2": { "start": { "line": 8, "column": 1 }, "end": { "line": 8, "column": null } },
			"3": { "start": { "line": 8, "column": 1 }, "end": { "line": 8, "column": 67 } }
		},
		"fnMap": {
			"0": {
				"name": "Theatre",
				"decl": { "start": { "line": 1, "column": 0 }, "end": { "line": 1, "column": 1 } },
				"loc": { "start": { "line": 1, "column": 0 }, "end": { "line": 6, "column": null } },
				"line": 1
			},
			"1": {
				"name": "(anonymous_1)",
				"decl": { "start": { "line": 8, "column": 1 }, "end": { "line": 8, "column": 4 } },
				"loc": { "start": { "line": 8, "column": 1 }, "end": { "line": 8, "column": null } },
				"line": 8
			}
		},
		"branchMap": {},
		"s": { "0": 4, "1": 4, "2": 4, "3": 4 },
		"f": { "0": 4, "1": 4 },
		"b": {},
		"meta": {
			"lastBranch": 0,
			"lastFunction": 2,
			"lastStatement": 4,
			"seen": {
				"f:1:0:1:1": 0,
				"s:5:16:5:Infinity": 0,
				"s:8:4:8:67": 1,
				"s:8:1:8:Infinity": 2,
				"f:8:1:8:4": 1,
				"s:8:1:8:67": 3
			}
		}
	},
	"C:\\Users\\jorcleme\\projects\\dev-2-portfolio\\src\\lib\\components\\icons\\Trophy.svelte": {
		"path": "C:\\Users\\jorcleme\\projects\\dev-2-portfolio\\src\\lib\\components\\icons\\Trophy.svelte",
		"statementMap": {
			"0": { "start": { "line": 6, "column": 16 }, "end": { "line": 6, "column": null } },
			"1": { "start": { "line": 9, "column": 4 }, "end": { "line": 9, "column": 67 } },
			"2": { "start": { "line": 9, "column": 1 }, "end": { "line": 9, "column": null } },
			"3": { "start": { "line": 9, "column": 1 }, "end": { "line": 9, "column": 67 } }
		},
		"fnMap": {
			"0": {
				"name": "Trophy",
				"decl": { "start": { "line": 1, "column": 0 }, "end": { "line": 1, "column": 1 } },
				"loc": { "start": { "line": 1, "column": 0 }, "end": { "line": 7, "column": null } },
				"line": 1
			},
			"1": {
				"name": "(anonymous_1)",
				"decl": { "start": { "line": 9, "column": 1 }, "end": { "line": 9, "column": 4 } },
				"loc": { "start": { "line": 9, "column": 1 }, "end": { "line": 9, "column": null } },
				"line": 9
			}
		},
		"branchMap": {},
		"s": { "0": 8, "1": 8, "2": 8, "3": 8 },
		"f": { "0": 8, "1": 8 },
		"b": {},
		"meta": {
			"lastBranch": 0,
			"lastFunction": 2,
			"lastStatement": 4,
			"seen": {
				"f:1:0:1:1": 0,
				"s:6:16:6:Infinity": 0,
				"s:9:4:9:67": 1,
				"s:9:1:9:Infinity": 2,
				"f:9:1:9:4": 1,
				"s:9:1:9:67": 3
			}
		}
	},
	"C:\\Users\\jorcleme\\projects\\dev-2-portfolio\\src\\lib\\components\\icons\\User.svelte": {
		"path": "C:\\Users\\jorcleme\\projects\\dev-2-portfolio\\src\\lib\\components\\icons\\User.svelte",
		"statementMap": {
			"0": { "start": { "line": 6, "column": 16 }, "end": { "line": 6, "column": null } },
			"1": { "start": { "line": 9, "column": 4 }, "end": { "line": 9, "column": 67 } },
			"2": { "start": { "line": 9, "column": 1 }, "end": { "line": 9, "column": null } },
			"3": { "start": { "line": 9, "column": 1 }, "end": { "line": 9, "column": 67 } }
		},
		"fnMap": {
			"0": {
				"name": "User",
				"decl": { "start": { "line": 1, "column": 0 }, "end": { "line": 1, "column": 1 } },
				"loc": { "start": { "line": 1, "column": 0 }, "end": { "line": 7, "column": null } },
				"line": 1
			},
			"1": {
				"name": "(anonymous_1)",
				"decl": { "start": { "line": 9, "column": 1 }, "end": { "line": 9, "column": 4 } },
				"loc": { "start": { "line": 9, "column": 1 }, "end": { "line": 9, "column": null } },
				"line": 9
			}
		},
		"branchMap": {},
		"s": { "0": 4, "1": 4, "2": 4, "3": 4 },
		"f": { "0": 4, "1": 4 },
		"b": {},
		"meta": {
			"lastBranch": 0,
			"lastFunction": 2,
			"lastStatement": 4,
			"seen": {
				"f:1:0:1:1": 0,
				"s:6:16:6:Infinity": 0,
				"s:9:4:9:67": 1,
				"s:9:1:9:Infinity": 2,
				"f:9:1:9:4": 1,
				"s:9:1:9:67": 3
			}
		}
	},
	"C:\\Users\\jorcleme\\projects\\dev-2-portfolio\\src\\lib\\components\\icons\\WorshipChristian.svelte": {
		"path": "C:\\Users\\jorcleme\\projects\\dev-2-portfolio\\src\\lib\\components\\icons\\WorshipChristian.svelte",
		"statementMap": {
			"0": { "start": { "line": 5, "column": 16 }, "end": { "line": 5, "column": null } },
			"1": { "start": { "line": 8, "column": 4 }, "end": { "line": 8, "column": 67 } },
			"2": { "start": { "line": 8, "column": 1 }, "end": { "line": 8, "column": null } },
			"3": { "start": { "line": 8, "column": 1 }, "end": { "line": 8, "column": 67 } }
		},
		"fnMap": {
			"0": {
				"name": "WorshipChristian",
				"decl": { "start": { "line": 1, "column": 0 }, "end": { "line": 1, "column": 1 } },
				"loc": { "start": { "line": 1, "column": 0 }, "end": { "line": 6, "column": null } },
				"line": 1
			},
			"1": {
				"name": "(anonymous_1)",
				"decl": { "start": { "line": 8, "column": 1 }, "end": { "line": 8, "column": 4 } },
				"loc": { "start": { "line": 8, "column": 1 }, "end": { "line": 8, "column": null } },
				"line": 8
			}
		},
		"branchMap": {},
		"s": { "0": 4, "1": 4, "2": 4, "3": 4 },
		"f": { "0": 4, "1": 4 },
		"b": {},
		"meta": {
			"lastBranch": 0,
			"lastFunction": 2,
			"lastStatement": 4,
			"seen": {
				"f:1:0:1:1": 0,
				"s:5:16:5:Infinity": 0,
				"s:8:4:8:67": 1,
				"s:8:1:8:Infinity": 2,
				"f:8:1:8:4": 1,
				"s:8:1:8:67": 3
			}
		}
	},
	"C:\\Users\\jorcleme\\projects\\dev-2-portfolio\\src\\lib\\components\\sections\\About.svelte": {
		"path": "C:\\Users\\jorcleme\\projects\\dev-2-portfolio\\src\\lib\\components\\sections\\About.svelte",
		"statementMap": {
			"0": { "start": { "line": 17, "column": 21 }, "end": { "line": 24, "column": 2 } },
			"1": { "start": { "line": 18, "column": 15 }, "end": { "line": 18, "column": null } },
			"2": { "start": { "line": 19, "column": 2 }, "end": { "line": 19, "column": null } },
			"3": { "start": { "line": 20, "column": 2 }, "end": { "line": 20, "column": null } },
			"4": { "start": { "line": 21, "column": 2 }, "end": { "line": 21, "column": null } },
			"5": { "start": { "line": 22, "column": 2 }, "end": { "line": 22, "column": null } },
			"6": { "start": { "line": 23, "column": 2 }, "end": { "line": 23, "column": null } },
			"7": { "start": { "line": 26, "column": 20 }, "end": { "line": 28, "column": 2 } },
			"8": { "start": { "line": 27, "column": 2 }, "end": { "line": 27, "column": null } },
			"9": { "start": { "line": 31, "column": 8 }, "end": { "line": 31, "column": null } },
			"10": { "start": { "line": 50, "column": 5 }, "end": { "line": 31, "column": null } },
			"11": { "start": { "line": 66, "column": 6 }, "end": { "line": 50, "column": null } },
			"12": { "start": { "line": 68, "column": 7 }, "end": { "line": 66, "column": null } },
			"13": { "start": { "line": 69, "column": 8 }, "end": { "line": 68, "column": null } },
			"14": { "start": { "line": 69, "column": 5 }, "end": { "line": 69, "column": null } },
			"15": { "start": { "line": 70, "column": 6 }, "end": { "line": 70, "column": null } },
			"16": { "start": { "line": 77, "column": 8 }, "end": { "line": 69, "column": null } },
			"17": { "start": { "line": 77, "column": 5 }, "end": { "line": 77, "column": null } },
			"18": { "start": { "line": 79, "column": 10 }, "end": { "line": 79, "column": null } },
			"19": { "start": { "line": 88, "column": 11 }, "end": { "line": 79, "column": null } },
			"20": { "start": { "line": 88, "column": 8 }, "end": { "line": 88, "column": null } },
			"21": { "start": { "line": 89, "column": 9 }, "end": { "line": 89, "column": null } },
			"22": { "start": { "line": 90, "column": 9 }, "end": { "line": 90, "column": null } },
			"23": { "start": { "line": 79, "column": 7 }, "end": { "line": 79, "column": null } },
			"24": { "start": { "line": 93, "column": 10 }, "end": { "line": 79, "column": null } },
			"25": { "start": { "line": 94, "column": 11 }, "end": { "line": 93, "column": null } },
			"26": { "start": { "line": 94, "column": 8 }, "end": { "line": 94, "column": null } },
			"27": { "start": { "line": 95, "column": 9 }, "end": { "line": 95, "column": null } },
			"28": { "start": { "line": 98, "column": 11 }, "end": { "line": 94, "column": null } },
			"29": { "start": { "line": 98, "column": 8 }, "end": { "line": 98, "column": null } },
			"30": { "start": { "line": 99, "column": 9 }, "end": { "line": 99, "column": null } },
			"31": { "start": { "line": 93, "column": 7 }, "end": { "line": 93, "column": null } },
			"32": { "start": { "line": 68, "column": 4 }, "end": { "line": 68, "column": null } },
			"33": { "start": { "line": 108, "column": 7 }, "end": { "line": 68, "column": null } },
			"34": { "start": { "line": 121, "column": 8 }, "end": { "line": 108, "column": null } },
			"35": { "start": { "line": 121, "column": 5 }, "end": { "line": 121, "column": null } },
			"36": { "start": { "line": 150, "column": 10 }, "end": { "line": 150, "column": null } },
			"37": { "start": { "line": 150, "column": 7 }, "end": { "line": 150, "column": null } },
			"38": { "start": { "line": 152, "column": 9 }, "end": { "line": 152, "column": null } },
			"39": { "start": { "line": 152, "column": 9 }, "end": { "line": 155, "column": null } },
			"40": { "start": { "line": 175, "column": 9 }, "end": { "line": 175, "column": null } },
			"41": { "start": { "line": 175, "column": 9 }, "end": { "line": 178, "column": null } },
			"42": { "start": { "line": 108, "column": 4 }, "end": { "line": 108, "column": null } },
			"43": { "start": { "line": 201, "column": 7 }, "end": { "line": 108, "column": null } },
			"44": { "start": { "line": 202, "column": 8 }, "end": { "line": 201, "column": null } },
			"45": { "start": { "line": 202, "column": 5 }, "end": { "line": 202, "column": null } },
			"46": { "start": { "line": 203, "column": 6 }, "end": { "line": 203, "column": null } },
			"47": { "start": { "line": 215, "column": 9 }, "end": { "line": 215, "column": null } },
			"48": { "start": { "line": 216, "column": 10 }, "end": { "line": 215, "column": null } },
			"49": { "start": { "line": 216, "column": 7 }, "end": { "line": 216, "column": null } },
			"50": { "start": { "line": 217, "column": 8 }, "end": { "line": 217, "column": null } },
			"51": { "start": { "line": 220, "column": 10 }, "end": { "line": 216, "column": null } },
			"52": { "start": { "line": 220, "column": 7 }, "end": { "line": 220, "column": null } },
			"53": { "start": { "line": 221, "column": 8 }, "end": { "line": 221, "column": null } },
			"54": { "start": { "line": 224, "column": 10 }, "end": { "line": 220, "column": null } },
			"55": { "start": { "line": 224, "column": 7 }, "end": { "line": 224, "column": null } },
			"56": { "start": { "line": 225, "column": 8 }, "end": { "line": 225, "column": null } },
			"57": { "start": { "line": 228, "column": 10 }, "end": { "line": 224, "column": null } },
			"58": { "start": { "line": 228, "column": 7 }, "end": { "line": 228, "column": null } },
			"59": { "start": { "line": 229, "column": 8 }, "end": { "line": 229, "column": null } },
			"60": { "start": { "line": 232, "column": 10 }, "end": { "line": 228, "column": null } },
			"61": { "start": { "line": 232, "column": 7 }, "end": { "line": 232, "column": null } },
			"62": { "start": { "line": 233, "column": 8 }, "end": { "line": 233, "column": null } },
			"63": { "start": { "line": 236, "column": 10 }, "end": { "line": 232, "column": null } },
			"64": { "start": { "line": 236, "column": 7 }, "end": { "line": 236, "column": null } },
			"65": { "start": { "line": 237, "column": 8 }, "end": { "line": 237, "column": null } },
			"66": { "start": { "line": 215, "column": 6 }, "end": { "line": 215, "column": null } },
			"67": { "start": { "line": 201, "column": 4 }, "end": { "line": 201, "column": null } },
			"68": { "start": { "line": 66, "column": 3 }, "end": { "line": 66, "column": null } },
			"69": { "start": { "line": 50, "column": 2 }, "end": { "line": 50, "column": null } },
			"70": { "start": { "line": 31, "column": 1 }, "end": { "line": 31, "column": null } }
		},
		"fnMap": {
			"0": {
				"name": "About",
				"decl": { "start": { "line": 1, "column": 0 }, "end": { "line": 1, "column": 1 } },
				"loc": { "start": { "line": 1, "column": 0 }, "end": { "line": 29, "column": null } },
				"line": 1
			},
			"1": {
				"name": "(anonymous_1)",
				"decl": { "start": { "line": 17, "column": 21 }, "end": { "line": 17, "column": 30 } },
				"loc": { "start": { "line": 17, "column": 30 }, "end": { "line": 24, "column": 2 } },
				"line": 17
			},
			"2": {
				"name": "(anonymous_2)",
				"decl": { "start": { "line": 26, "column": 20 }, "end": { "line": 26, "column": 29 } },
				"loc": { "start": { "line": 26, "column": 29 }, "end": { "line": 28, "column": 2 } },
				"line": 26
			},
			"3": {
				"name": "(anonymous_3)",
				"decl": { "start": { "line": 70, "column": 6 }, "end": { "line": 70, "column": 15 } },
				"loc": { "start": { "line": 70, "column": 6 }, "end": { "line": 70, "column": null } },
				"line": 70
			},
			"4": {
				"name": "(anonymous_4)",
				"decl": { "start": { "line": 89, "column": 9 }, "end": { "line": 89, "column": 18 } },
				"loc": { "start": { "line": 89, "column": 9 }, "end": { "line": 89, "column": null } },
				"line": 89
			},
			"5": {
				"name": "(anonymous_5)",
				"decl": { "start": { "line": 90, "column": 9 }, "end": { "line": 90, "column": 18 } },
				"loc": { "start": { "line": 90, "column": 9 }, "end": { "line": 90, "column": null } },
				"line": 90
			},
			"6": {
				"name": "(anonymous_6)",
				"decl": { "start": { "line": 95, "column": 9 }, "end": { "line": 95, "column": 17 } },
				"loc": { "start": { "line": 95, "column": 9 }, "end": { "line": 95, "column": null } },
				"line": 95
			},
			"7": {
				"name": "(anonymous_7)",
				"decl": { "start": { "line": 99, "column": 9 }, "end": { "line": 99, "column": 17 } },
				"loc": { "start": { "line": 99, "column": 9 }, "end": { "line": 99, "column": null } },
				"line": 99
			},
			"8": {
				"name": "(anonymous_8)",
				"decl": { "start": { "line": 203, "column": 6 }, "end": { "line": 203, "column": 10 } },
				"loc": { "start": { "line": 203, "column": 6 }, "end": { "line": 203, "column": null } },
				"line": 203
			},
			"9": {
				"name": "(anonymous_9)",
				"decl": { "start": { "line": 217, "column": 8 }, "end": { "line": 217, "column": 24 } },
				"loc": { "start": { "line": 217, "column": 8 }, "end": { "line": 217, "column": null } },
				"line": 217
			},
			"10": {
				"name": "(anonymous_10)",
				"decl": { "start": { "line": 221, "column": 8 }, "end": { "line": 221, "column": 18 } },
				"loc": { "start": { "line": 221, "column": 8 }, "end": { "line": 221, "column": null } },
				"line": 221
			},
			"11": {
				"name": "(anonymous_11)",
				"decl": { "start": { "line": 225, "column": 8 }, "end": { "line": 225, "column": 20 } },
				"loc": { "start": { "line": 225, "column": 8 }, "end": { "line": 225, "column": null } },
				"line": 225
			},
			"12": {
				"name": "(anonymous_12)",
				"decl": { "start": { "line": 229, "column": 8 }, "end": { "line": 229, "column": 16 } },
				"loc": { "start": { "line": 229, "column": 8 }, "end": { "line": 229, "column": null } },
				"line": 229
			},
			"13": {
				"name": "(anonymous_13)",
				"decl": { "start": { "line": 233, "column": 8 }, "end": { "line": 233, "column": 15 } },
				"loc": { "start": { "line": 233, "column": 8 }, "end": { "line": 233, "column": null } },
				"line": 233
			},
			"14": {
				"name": "(anonymous_14)",
				"decl": { "start": { "line": 237, "column": 8 }, "end": { "line": 237, "column": 15 } },
				"loc": { "start": { "line": 237, "column": 8 }, "end": { "line": 237, "column": null } },
				"line": 237
			}
		},
		"branchMap": {},
		"s": {
			"0": 4,
			"1": 0,
			"2": 0,
			"3": 0,
			"4": 0,
			"5": 0,
			"6": 0,
			"7": 4,
			"8": 0,
			"9": 4,
			"10": 4,
			"11": 4,
			"12": 4,
			"13": 4,
			"14": 4,
			"15": 4,
			"16": 4,
			"17": 4,
			"18": 4,
			"19": 4,
			"20": 4,
			"21": 4,
			"22": 4,
			"23": 4,
			"24": 4,
			"25": 4,
			"26": 4,
			"27": 4,
			"28": 4,
			"29": 4,
			"30": 4,
			"31": 4,
			"32": 4,
			"33": 4,
			"34": 4,
			"35": 4,
			"36": 4,
			"37": 4,
			"38": 4,
			"39": 4,
			"40": 4,
			"41": 4,
			"42": 4,
			"43": 4,
			"44": 4,
			"45": 4,
			"46": 4,
			"47": 4,
			"48": 4,
			"49": 4,
			"50": 4,
			"51": 4,
			"52": 4,
			"53": 4,
			"54": 4,
			"55": 4,
			"56": 4,
			"57": 4,
			"58": 4,
			"59": 4,
			"60": 4,
			"61": 4,
			"62": 4,
			"63": 4,
			"64": 4,
			"65": 4,
			"66": 4,
			"67": 4,
			"68": 4,
			"69": 4,
			"70": 4
		},
		"f": {
			"0": 4,
			"1": 0,
			"2": 0,
			"3": 4,
			"4": 4,
			"5": 4,
			"6": 4,
			"7": 4,
			"8": 4,
			"9": 4,
			"10": 4,
			"11": 4,
			"12": 4,
			"13": 4,
			"14": 4
		},
		"b": {},
		"meta": {
			"lastBranch": 0,
			"lastFunction": 15,
			"lastStatement": 71,
			"seen": {
				"f:1:0:1:1": 0,
				"s:17:21:24:2": 0,
				"f:17:21:17:30": 1,
				"s:18:15:18:Infinity": 1,
				"s:19:2:19:Infinity": 2,
				"s:20:2:20:Infinity": 3,
				"s:21:2:21:Infinity": 4,
				"s:22:2:22:Infinity": 5,
				"s:23:2:23:Infinity": 6,
				"s:26:20:28:2": 7,
				"f:26:20:26:29": 2,
				"s:27:2:27:Infinity": 8,
				"s:31:8:31:Infinity": 9,
				"s:50:5:31:Infinity": 10,
				"s:66:6:50:Infinity": 11,
				"s:68:7:66:Infinity": 12,
				"s:69:8:68:Infinity": 13,
				"s:69:5:69:Infinity": 14,
				"s:70:6:70:Infinity": 15,
				"f:70:6:70:15": 3,
				"s:77:8:69:Infinity": 16,
				"s:77:5:77:Infinity": 17,
				"s:79:10:79:Infinity": 18,
				"s:88:11:79:Infinity": 19,
				"s:88:8:88:Infinity": 20,
				"s:89:9:89:Infinity": 21,
				"f:89:9:89:18": 4,
				"s:90:9:90:Infinity": 22,
				"f:90:9:90:18": 5,
				"s:79:7:79:Infinity": 23,
				"s:93:10:79:Infinity": 24,
				"s:94:11:93:Infinity": 25,
				"s:94:8:94:Infinity": 26,
				"s:95:9:95:Infinity": 27,
				"f:95:9:95:17": 6,
				"s:98:11:94:Infinity": 28,
				"s:98:8:98:Infinity": 29,
				"s:99:9:99:Infinity": 30,
				"f:99:9:99:17": 7,
				"s:93:7:93:Infinity": 31,
				"s:68:4:68:Infinity": 32,
				"s:108:7:68:Infinity": 33,
				"s:121:8:108:Infinity": 34,
				"s:121:5:121:Infinity": 35,
				"s:150:10:150:Infinity": 36,
				"s:150:7:150:Infinity": 37,
				"s:152:9:152:Infinity": 38,
				"s:152:9:155:Infinity": 39,
				"s:175:9:175:Infinity": 40,
				"s:175:9:178:Infinity": 41,
				"s:108:4:108:Infinity": 42,
				"s:201:7:108:Infinity": 43,
				"s:202:8:201:Infinity": 44,
				"s:202:5:202:Infinity": 45,
				"s:203:6:203:Infinity": 46,
				"f:203:6:203:10": 8,
				"s:215:9:215:Infinity": 47,
				"s:216:10:215:Infinity": 48,
				"s:216:7:216:Infinity": 49,
				"s:217:8:217:Infinity": 50,
				"f:217:8:217:24": 9,
				"s:220:10:216:Infinity": 51,
				"s:220:7:220:Infinity": 52,
				"s:221:8:221:Infinity": 53,
				"f:221:8:221:18": 10,
				"s:224:10:220:Infinity": 54,
				"s:224:7:224:Infinity": 55,
				"s:225:8:225:Infinity": 56,
				"f:225:8:225:20": 11,
				"s:228:10:224:Infinity": 57,
				"s:228:7:228:Infinity": 58,
				"s:229:8:229:Infinity": 59,
				"f:229:8:229:16": 12,
				"s:232:10:228:Infinity": 60,
				"s:232:7:232:Infinity": 61,
				"s:233:8:233:Infinity": 62,
				"f:233:8:233:15": 13,
				"s:236:10:232:Infinity": 63,
				"s:236:7:236:Infinity": 64,
				"s:237:8:237:Infinity": 65,
				"f:237:8:237:15": 14,
				"s:215:6:215:Infinity": 66,
				"s:201:4:201:Infinity": 67,
				"s:66:3:66:Infinity": 68,
				"s:50:2:50:Infinity": 69,
				"s:31:1:31:Infinity": 70
			}
		}
	},
	"C:\\Users\\jorcleme\\projects\\dev-2-portfolio\\src\\lib\\components\\sections\\Achievements.svelte": {
		"path": "C:\\Users\\jorcleme\\projects\\dev-2-portfolio\\src\\lib\\components\\sections\\Achievements.svelte",
		"statementMap": {
			"0": { "start": { "line": 56, "column": 8 }, "end": { "line": 56, "column": null } },
			"1": { "start": { "line": 69, "column": 5 }, "end": { "line": 56, "column": null } },
			"2": { "start": { "line": 84, "column": 6 }, "end": { "line": 69, "column": null } },
			"3": { "start": { "line": 85, "column": 10 }, "end": { "line": 85, "column": 22 } },
			"4": { "start": { "line": 86, "column": 38 }, "end": { "line": 86, "column": null } },
			"5": { "start": { "line": 88, "column": 9 }, "end": { "line": 88, "column": null } },
			"6": { "start": { "line": 90, "column": 7 }, "end": { "line": 88, "column": null } },
			"7": { "start": { "line": 90, "column": 7 }, "end": { "line": 90, "column": null } },
			"8": { "start": { "line": 98, "column": 10 }, "end": { "line": 90, "column": null } },
			"9": { "start": { "line": 99, "column": 10 }, "end": { "line": 98, "column": null } },
			"10": { "start": { "line": 99, "column": 8 }, "end": { "line": 99, "column": null } },
			"11": { "start": { "line": 102, "column": 8 }, "end": { "line": 99, "column": null } },
			"12": { "start": { "line": 102, "column": 8 }, "end": { "line": 102, "column": null } },
			"13": { "start": { "line": 98, "column": 7 }, "end": { "line": 98, "column": null } },
			"14": { "start": { "line": 88, "column": 6 }, "end": { "line": 88, "column": null } },
			"15": { "start": { "line": 112, "column": 9 }, "end": { "line": 88, "column": null } },
			"16": { "start": { "line": 113, "column": 10 }, "end": { "line": 112, "column": null } },
[...]
				"line": 32
			},
			"3": {
				"name": "(anonymous_3)",
				"decl": { "start": { "line": 35, "column": 12 }, "end": { "line": 35, "column": 20 } },
				"loc": { "start": { "line": 35, "column": 20 }, "end": { "line": 35, "column": null } },
				"line": 35
			}
		},
		"branchMap": {
			"0": {
				"loc": { "start": { "line": 20, "column": 6 }, "end": { "line": 25, "column": null } },
				"type": "if",
				"locations": [
					{ "start": { "line": 20, "column": 6 }, "end": { "line": 25, "column": null } },
					{ "start": {}, "end": {} }
				],
				"line": 20
			}
		},
		"s": {
			"0": 3,
			"1": 3,
			"2": 3,
			"3": 3,
			"4": 1,
			"5": 7,
			"6": 7,
			"7": 7,
			"8": 7,
			"9": 49,
			"10": 49,
			"11": 3,
			"12": 49,
			"13": 49,
			"14": 7,
			"15": 7,
			"16": 7,
			"17": 7,
			"18": 7,
			"19": 7
		},
		"f": { "0": 7, "1": 3, "2": 7, "3": 3 },
		"b": { "0": [1, 2] },
		"meta": {
			"lastBranch": 1,
			"lastFunction": 4,
			"lastStatement": 20,
			"seen": {
				"f:1:0:1:1": 0,
				"f:16:10:16:25": 1,
				"s:17:19:17:Infinity": 0,
				"s:18:24:18:Infinity": 1,
				"s:19:2:19:Infinity": 2,
				"b:20:6:25:Infinity:undefined:undefined:undefined:undefined": 0,
				"s:20:6:25:Infinity": 3,
				"s:21:3:23:Infinity": 4,
				"s:29:4:29:Infinity": 5,
				"s:30:5:29:Infinity": 6,
				"s:31:6:30:Infinity": 7,
				"f:31:6:31:Infinity": 2,
				"s:32:10:32:14": 8,
				"s:33:5:33:Infinity": 9,
				"s:33:5:35:Infinity": 10,
				"f:35:12:35:20": 3,
				"s:35:20:35:Infinity": 11,
				"s:33:5:34:Infinity": 12,
				"s:38:6:38:Infinity": 13,
				"s:31:3:31:Infinity": 14,
				"s:42:6:31:Infinity": 15,
				"s:42:3:42:Infinity": 16,
				"s:44:9:44:Infinity": 17,
				"s:30:2:30:Infinity": 18,
				"s:29:1:29:Infinity": 19
			}
		}
	},
	"C:\\Users\\jorcleme\\projects\\dev-2-portfolio\\src\\lib\\utils\\chat.ts": {
		"path": "C:\\Users\\jorcleme\\projects\\dev-2-portfolio\\src\\lib\\utils\\chat.ts",
		"statementMap": {
			"0": { "start": { "line": 4, "column": 18 }, "end": { "line": 10, "column": null } },
			"1": { "start": { "line": 12, "column": 1 }, "end": { "line": 15, "column": null } },
			"2": { "start": { "line": 13, "column": 16 }, "end": { "line": 13, "column": null } },
			"3": { "start": { "line": 14, "column": 2 }, "end": { "line": 14, "column": null } },
			"4": { "start": { "line": 17, "column": 1 }, "end": { "line": 17, "column": null } },
			"5": { "start": { "line": 21, "column": 18 }, "end": { "line": 21, "column": null } },
			"6": { "start": { "line": 22, "column": 1 }, "end": { "line": 22, "column": null } },
			"7": { "start": { "line": 24, "column": 18 }, "end": { "line": 27, "column": null } },
			"8": { "start": { "line": 29, "column": 1 }, "end": { "line": 32, "column": null } },
			"9": { "start": { "line": 30, "column": 16 }, "end": { "line": 30, "column": null } },
			"10": { "start": { "line": 31, "column": 2 }, "end": { "line": 31, "column": null } },
			"11": { "start": { "line": 34, "column": 1 }, "end": { "line": 34, "column": null } },
			"12": { "start": { "line": 40, "column": 16 }, "end": { "line": 40, "column": null } },
			"13": { "start": { "line": 41, "column": 17 }, "end": { "line": 41, "column": null } },
			"14": { "start": { "line": 43, "column": 1 }, "end": { "line": 45, "column": null } },
			"15": { "start": { "line": 44, "column": 2 }, "end": { "line": 44, "column": null } },
			"16": { "start": { "line": 47, "column": 1 }, "end": { "line": 74, "column": null } },
			"17": { "start": { "line": 48, "column": 2 }, "end": { "line": 71, "column": null } },
			"18": { "start": { "line": 49, "column": 27 }, "end": { "line": 49, "column": null } },
			"19": { "start": { "line": 50, "column": 3 }, "end": { "line": 50, "column": null } },
			"20": { "start": { "line": 50, "column": 13 }, "end": { "line": 50, "column": null } },
			"21": { "start": { "line": 52, "column": 17 }, "end": { "line": 52, "column": null } },
			"22": { "start": { "line": 53, "column": 17 }, "end": { "line": 53, "column": null } },
			"23": { "start": { "line": 55, "column": 3 }, "end": { "line": 70, "column": null } },
			"24": { "start": { "line": 56, "column": 4 }, "end": { "line": 69, "column": null } },
			"25": { "start": { "line": 57, "column": 18 }, "end": { "line": 57, "column": null } },
			"26": { "start": { "line": 58, "column": 5 }, "end": { "line": 60, "column": null } },
			"27": { "start": { "line": 59, "column": 6 }, "end": { "line": 59, "column": null } },
			"28": { "start": { "line": 61, "column": 5 }, "end": { "line": 68, "column": null } },
			"29": { "start": { "line": 62, "column": 21 }, "end": { "line": 62, "column": null } },
			"30": { "start": { "line": 63, "column": 6 }, "end": { "line": 63, "column": null } },
			"31": { "start": { "line": 66, "column": 6 }, "end": { "line": 66, "column": null } },
			"32": { "start": { "line": 67, "column": 6 }, "end": { "line": 67, "column": null } },
			"33": { "start": { "line": 73, "column": 2 }, "end": { "line": 73, "column": null } }
		},
		"fnMap": {
			"0": {
				"name": "sendChatMessage",
				"decl": { "start": { "line": 3, "column": 22 }, "end": { "line": 3, "column": 38 } },
				"loc": { "start": { "line": 3, "column": 77 }, "end": { "line": 18, "column": null } },
				"line": 3
			},
			"1": {
				"name": "uploadFile",
				"decl": { "start": { "line": 20, "column": 22 }, "end": { "line": 20, "column": 33 } },
				"loc": { "start": { "line": 20, "column": 45 }, "end": { "line": 35, "column": null } },
				"line": 20
			},
			"2": {
				"name": "streamChatResponse",
				"decl": { "start": { "line": 37, "column": 23 }, "end": { "line": 37, "column": null } },
				"loc": { "start": { "line": 39, "column": 41 }, "end": { "line": 75, "column": null } },
				"line": 39
			}
		},
		"branchMap": {
			"0": {
				"loc": { "start": { "line": 12, "column": 1 }, "end": { "line": 15, "column": null } },
				"type": "if",
				"locations": [
					{ "start": { "line": 12, "column": 1 }, "end": { "line": 15, "column": null } },
					{ "start": {}, "end": {} }
				],
				"line": 12
			},
			"1": {
				"loc": { "start": { "line": 14, "column": 18 }, "end": { "line": 14, "column": 59 } },
				"type": "binary-expr",
				"locations": [
					{ "start": { "line": 14, "column": 18 }, "end": { "line": 14, "column": 35 } },
					{ "start": { "line": 14, "column": 35 }, "end": { "line": 14, "column": 59 } }
				],
				"line": 14
			},
			"2": {
				"loc": { "start": { "line": 29, "column": 1 }, "end": { "line": 32, "column": null } },
				"type": "if",
				"locations": [
					{ "start": { "line": 29, "column": 1 }, "end": { "line": 32, "column": null } },
					{ "start": {}, "end": {} }
				],
				"line": 29
			},
			"3": {
				"loc": { "start": { "line": 31, "column": 18 }, "end": { "line": 31, "column": 58 } },
				"type": "binary-expr",
				"locations": [
					{ "start": { "line": 31, "column": 18 }, "end": { "line": 31, "column": 35 } },
					{ "start": { "line": 31, "column": 35 }, "end": { "line": 31, "column": 58 } }
				],
				"line": 31
			},
			"4": {
				"loc": { "start": { "line": 43, "column": 1 }, "end": { "line": 45, "column": null } },
				"type": "if",
				"locations": [
					{ "start": { "line": 43, "column": 1 }, "end": { "line": 45, "column": null } },
					{ "start": {}, "end": {} }
				],
				"line": 43
			},
			"5": {
				"loc": { "start": { "line": 50, "column": 3 }, "end": { "line": 50, "column": null } },
				"type": "if",
				"locations": [
					{ "start": { "line": 50, "column": 3 }, "end": { "line": 50, "column": null } },
					{ "start": {}, "end": {} }
				],
				"line": 50
			},
			"6": {
				"loc": { "start": { "line": 56, "column": 4 }, "end": { "line": 69, "column": null } },
				"type": "if",
				"locations": [
					{ "start": { "line": 56, "column": 4 }, "end": { "line": 69, "column": null } },
					{ "start": {}, "end": {} }
				],
				"line": 56
			},
			"7": {
				"loc": { "start": { "line": 58, "column": 5 }, "end": { "line": 60, "column": null } },
				"type": "if",
				"locations": [
					{ "start": { "line": 58, "column": 5 }, "end": { "line": 60, "column": null } },
					{ "start": {}, "end": {} }
				],
				"line": 58
			}
		},
		"s": {
			"0": 4,
			"1": 4,
			"2": 2,
			"3": 2,
			"4": 2,
			"5": 3,
			"6": 3,
			"7": 3,
			"8": 3,
			"9": 2,
			"10": 2,
			"11": 1,
			"12": 4,
			"13": 4,
			"14": 4,
			"15": 1,
			"16": 3,
			"17": 3,
			"18": 8,
			"19": 8,
			"20": 1,
			"21": 7,
			"22": 7,
			"23": 7,
			"24": 12,
			"25": 7,
			"26": 7,
			"27": 2,
			"28": 5,
			"29": 5,
			"30": 5,
			"31": 1,
			"32": 1,
			"33": 3
		},
		"f": { "0": 4, "1": 3, "2": 4 },
		"b": {
			"0": [2, 2],
			"1": [2, 1],
			"2": [2, 1],
			"3": [2, 1],
			"4": [1, 3],
			"5": [1, 7],
			"6": [7, 5],
			"7": [2, 5]
		},
		"meta": {
			"lastBranch": 8,
			"lastFunction": 3,
			"lastStatement": 34,
			"seen": {
				"f:3:22:3:38": 0,
				"s:4:18:10:Infinity": 0,
				"b:12:1:15:Infinity:undefined:undefined:undefined:undefined": 0,
				"s:12:1:15:Infinity": 1,
				"s:13:16:13:Infinity": 2,
				"s:14:2:14:Infinity": 3,
				"b:14:18:14:35:14:35:14:59": 1,
				"s:17:1:17:Infinity": 4,
				"f:20:22:20:33": 1,
				"s:21:18:21:Infinity": 5,
				"s:22:1:22:Infinity": 6,
				"s:24:18:27:Infinity": 7,
				"b:29:1:32:Infinity:undefined:undefined:undefined:undefined": 2,
				"s:29:1:32:Infinity": 8,
				"s:30:16:30:Infinity": 9,
				"s:31:2:31:Infinity": 10,
				"b:31:18:31:35:31:35:31:58": 3,
				"s:34:1:34:Infinity": 11,
				"f:37:23:37:Infinity": 2,
				"s:40:16:40:Infinity": 12,
				"s:41:17:41:Infinity": 13,
				"b:43:1:45:Infinity:undefined:undefined:undefined:undefined": 4,
				"s:43:1:45:Infinity": 14,
				"s:44:2:44:Infinity": 15,
				"s:47:1:74:Infinity": 16,
				"s:48:2:71:Infinity": 17,
				"s:49:27:49:Infinity": 18,
				"b:50:3:50:Infinity:undefined:undefined:undefined:undefined": 5,
				"s:50:3:50:Infinity": 19,
				"s:50:13:50:Infinity": 20,
				"s:52:17:52:Infinity": 21,
				"s:53:17:53:Infinity": 22,
				"s:55:3:70:Infinity": 23,
				"b:56:4:69:Infinity:undefined:undefined:undefined:undefined": 6,
				"s:56:4:69:Infinity": 24,
				"s:57:18:57:Infinity": 25,
				"b:58:5:60:Infinity:undefined:undefined:undefined:undefined": 7,
				"s:58:5:60:Infinity": 26,
				"s:59:6:59:Infinity": 27,
				"s:61:5:68:Infinity": 28,
				"s:62:21:62:Infinity": 29,
				"s:63:6:63:Infinity": 30,
				"s:66:6:66:Infinity": 31,
				"s:67:6:67:Infinity": 32,
				"s:73:2:73:Infinity": 33
			}
		}
	},
	"C:\\Users\\jorcleme\\projects\\dev-2-portfolio\\src\\lib\\utils\\index.ts": {
		"path": "C:\\Users\\jorcleme\\projects\\dev-2-portfolio\\src\\lib\\utils\\index.ts",
		"statementMap": {
			"0": { "start": { "line": 1, "column": 31 }, "end": { "line": 9, "column": null } },
			"1": { "start": { "line": 2, "column": 1 }, "end": { "line": 8, "column": null } }
		},
		"fnMap": {
			"0": {
				"name": "(anonymous_0)",
				"decl": { "start": { "line": 1, "column": 31 }, "end": { "line": 1, "column": 32 } },
				"loc": { "start": { "line": 1, "column": 57 }, "end": { "line": 9, "column": null } },
				"line": 1
			}
		},
		"branchMap": {},
		"s": { "0": 1, "1": 4 },
		"f": { "0": 4 },
		"b": {},
		"meta": {
			"lastBranch": 0,
			"lastFunction": 1,
			"lastStatement": 2,
			"seen": { "s:1:31:9:Infinity": 0, "f:1:31:1:32": 0, "s:2:1:8:Infinity": 1 }
		}
	},
	"C:\\Users\\jorcleme\\projects\\dev-2-portfolio\\src\\routes\\+page.svelte": {
		"path": "C:\\Users\\jorcleme\\projects\\dev-2-portfolio\\src\\routes\\+page.svelte",
		"statementMap": {
			"0": { "start": { "line": 13, "column": 4 }, "end": { "line": 13, "column": null } },
			"1": { "start": { "line": 13, "column": 1 }, "end": { "line": 13, "column": null } },
			"2": { "start": { "line": 14, "column": 2 }, "end": { "line": 14, "column": null } },
			"3": { "start": { "line": 17, "column": 3 }, "end": { "line": 17, "column": null } },
			"4": { "start": { "line": 21, "column": 3 }, "end": { "line": 21, "column": null } },
			"5": { "start": { "line": 25, "column": 3 }, "end": { "line": 25, "column": null } },
			"6": { "start": { "line": 29, "column": 3 }, "end": { "line": 29, "column": null } },
			"7": { "start": { "line": 33, "column": 3 }, "end": { "line": 33, "column": null } },
			"8": { "start": { "line": 37, "column": 3 }, "end": { "line": 37, "column": null } },
			"9": { "start": { "line": 41, "column": 1 }, "end": { "line": 41, "column": null } }
		},
		"fnMap": {
			"0": {
				"name": "_page",
				"decl": { "start": { "line": 1, "column": 0 }, "end": { "line": 1, "column": 1 } },
				"loc": { "start": { "line": 1, "column": 0 }, "end": { "line": 11, "column": null } },
				"line": 1
			},
			"1": {
				"name": "(anonymous_1)",
				"decl": { "start": { "line": 14, "column": 2 }, "end": { "line": 14, "column": 6 } },
				"loc": { "start": { "line": 14, "column": 2 }, "end": { "line": 14, "column": null } },
				"line": 14
			},
			"2": {
				"name": "(anonymous_2)",
				"decl": { "start": { "line": 17, "column": 3 }, "end": { "line": 17, "column": 8 } },
				"loc": { "start": { "line": 17, "column": 3 }, "end": { "line": 17, "column": null } },
				"line": 17
			},
			"3": {
				"name": "(anonymous_3)",
				"decl": { "start": { "line": 21, "column": 3 }, "end": { "line": 21, "column": 9 } },
				"loc": { "start": { "line": 21, "column": 3 }, "end": { "line": 21, "column": null } },
				"line": 21
			},
			"4": {
				"name": "(anonymous_4)",
				"decl": { "start": { "line": 25, "column": 3 }, "end": { "line": 25, "column": 13 } },
				"loc": { "start": { "line": 25, "column": 3 }, "end": { "line": 25, "column": null } },
				"line": 25
			},
			"5": {
				"name": "(anonymous_5)",
				"decl": { "start": { "line": 29, "column": 3 }, "end": { "line": 29, "column": 11 } },
				"loc": { "start": { "line": 29, "column": 3 }, "end": { "line": 29, "column": null } },
				"line": 29
			},
			"6": {
				"name": "(anonymous_6)",
				"decl": { "start": { "line": 33, "column": 3 }, "end": { "line": 33, "column": 15 } },
				"loc": { "start": { "line": 33, "column": 3 }, "end": { "line": 33, "column": null } },
				"line": 33
			},
			"7": {
				"name": "(anonymous_7)",
				"decl": { "start": { "line": 37, "column": 3 }, "end": { "line": 37, "column": 10 } },
				"loc": { "start": { "line": 37, "column": 3 }, "end": { "line": 37, "column": null } },
				"line": 37
			},
			"8": {
				"name": "(anonymous_8)",
				"decl": { "start": { "line": 41, "column": 1 }, "end": { "line": 41, "column": 7 } },
				"loc": { "start": { "line": 41, "column": 1 }, "end": { "line": 41, "column": null } },
				"line": 41
			}
		},
		"branchMap": {},
		"s": { "0": 4, "1": 4, "2": 4, "3": 4, "4": 4, "5": 4, "6": 4, "7": 4, "8": 4, "9": 4 },
		"f": { "0": 4, "1": 4, "2": 4, "3": 4, "4": 4, "5": 4, "6": 4, "7": 4, "8": 4 },
		"b": {},
		"meta": {
			"lastBranch": 0,
			"lastFunction": 9,
			"lastStatement": 10,
			"seen": {
				"f:1:0:1:1": 0,
				"s:13:4:13:Infinity": 0,
				"s:13:1:13:Infinity": 1,
				"s:14:2:14:Infinity": 2,
				"f:14:2:14:6": 1,
				"s:17:3:17:Infinity": 3,
				"f:17:3:17:8": 2,
				"s:21:3:21:Infinity": 4,
				"f:21:3:21:9": 3,
				"s:25:3:25:Infinity": 5,
				"f:25:3:25:13": 4,
				"s:29:3:29:Infinity": 6,
				"f:29:3:29:11": 5,
				"s:33:3:33:Infinity": 7,
				"f:33:3:33:15": 6,
				"s:37:3:37:Infinity": 8,
				"f:37:3:37:10": 7,
				"s:41:1:41:Infinity": 9,
				"f:41:1:41:7": 8
			}
		}
	},
	"C:\\Users\\jorcleme\\projects\\dev-2-portfolio\\src\\routes\\api\\contact\\+server.ts": {
		"path": "C:\\Users\\jorcleme\\projects\\dev-2-portfolio\\src\\routes\\api\\contact\\+server.ts",
		"statementMap": {
			"0": { "start": { "line": 7, "column": 36 }, "end": { "line": 78, "column": null } },
			"1": { "start": { "line": 8, "column": 16 }, "end": { "line": 8, "column": null } },
			"2": { "start": { "line": 9, "column": 1 }, "end": { "line": 77, "column": null } },
			"3": { "start": { "line": 10, "column": 44 }, "end": { "line": 10, "column": null } },
			"4": { "start": { "line": 13, "column": 2 }, "end": { "line": 15, "column": null } },
			"5": { "start": { "line": 14, "column": 3 }, "end": { "line": 14, "column": null } },
			"6": { "start": { "line": 18, "column": 21 }, "end": { "line": 18, "column": null } },
			"7": { "start": { "line": 19, "column": 2 }, "end": { "line": 21, "column": null } },
			"8": { "start": { "line": 20, "column": 3 }, "end": { "line": 20, "column": null } },
			"9": { "start": { "line": 24, "column": 26 }, "end": { "line": 53, "column": null } },
			"10": { "start": { "line": 55, "column": 2 }, "end": { "line": 58, "column": null } },
			"11": { "start": { "line": 56, "column": 3 }, "end": { "line": 56, "column": null } },
			"12": { "start": { "line": 57, "column": 3 }, "end": { "line": 57, "column": null } },
			"13": { "start": { "line": 61, "column": 2 }, "end": { "line": 67, "column": null } },
			"14": { "start": { "line": 70, "column": 2 }, "end": { "line": 73, "column": null } },
			"15": { "start": { "line": 75, "column": 2 }, "end": { "line": 75, "column": null } },
			"16": { "start": { "line": 76, "column": 2 }, "end": { "line": 76, "column": null } }
		},
		"fnMap": {
			"0": {
				"name": "(anonymous_0)",
				"decl": { "start": { "line": 7, "column": 36 }, "end": { "line": 7, "column": 43 } },
				"loc": { "start": { "line": 7, "column": 59 }, "end": { "line": 78, "column": null } },
				"line": 7
			}
		},
		"branchMap": {
			"0": {
				"loc": { "start": { "line": 13, "column": 2 }, "end": { "line": 15, "column": null } },
				"type": "if",
				"locations": [
					{ "start": { "line": 13, "column": 2 }, "end": { "line": 15, "column": null } },
					{ "start": {}, "end": {} }
				],
				"line": 13
			},
			"1": {
				"loc": { "start": { "line": 13, "column": 6 }, "end": { "line": 13, "column": 47 } },
				"type": "binary-expr",
				"locations": [
					{ "start": { "line": 13, "column": 6 }, "end": { "line": 13, "column": 15 } },
					{ "start": { "line": 13, "column": 15 }, "end": { "line": 13, "column": 25 } },
					{ "start": { "line": 13, "column": 25 }, "end": { "line": 13, "column": 37 } },
					{ "start": { "line": 13, "column": 37 }, "end": { "line": 13, "column": 47 } }
				],
				"line": 13
			},
			"2": {
				"loc": { "start": { "line": 19, "column": 2 }, "end": { "line": 21, "column": null } },
				"type": "if",
				"locations": [
					{ "start": { "line": 19, "column": 2 }, "end": { "line": 21, "column": null } },
					{ "start": {}, "end": {} }
				],
				"line": 19
			},
			"3": {
				"loc": { "start": { "line": 55, "column": 2 }, "end": { "line": 58, "column": null } },
				"type": "if",
				"locations": [
					{ "start": { "line": 55, "column": 2 }, "end": { "line": 58, "column": null } },
					{ "start": {}, "end": {} }
				],
				"line": 55
			}
		},
		"s": {
			"0": 1,
			"1": 7,
			"2": 7,
			"3": 7,
			"4": 7,
			"5": 2,
			"6": 5,
			"7": 5,
			"8": 1,
			"9": 4,
			"10": 3,
			"11": 1,
			"12": 1,
			"13": 2,
			"14": 7,
			"15": 1,
			"16": 1
		},
		"f": { "0": 7 },
		"b": { "0": [2, 5], "1": [7, 6, 5, 5], "2": [1, 4], "3": [1, 2] },
		"meta": {
			"lastBranch": 4,
			"lastFunction": 1,
			"lastStatement": 17,
			"seen": {
				"s:7:36:78:Infinity": 0,
				"f:7:36:7:43": 0,
				"s:8:16:8:Infinity": 1,
				"s:9:1:77:Infinity": 2,
				"s:10:44:10:Infinity": 3,
				"b:13:2:15:Infinity:undefined:undefined:undefined:undefined": 0,
				"s:13:2:15:Infinity": 4,
				"b:13:6:13:15:13:15:13:25:13:25:13:37:13:37:13:47": 1,
				"s:14:3:14:Infinity": 5,
				"s:18:21:18:Infinity": 6,
				"b:19:2:21:Infinity:undefined:undefined:undefined:undefined": 2,
				"s:19:2:21:Infinity": 7,
				"s:20:3:20:Infinity": 8,
				"s:24:26:53:Infinity": 9,
				"b:55:2:58:Infinity:undefined:undefined:undefined:undefined": 3,
				"s:55:2:58:Infinity": 10,
				"s:56:3:56:Infinity": 11,
				"s:57:3:57:Infinity": 12,
				"s:61:2:67:Infinity": 13,
				"s:70:2:73:Infinity": 14,
				"s:75:2:75:Infinity": 15,
				"s:76:2:76:Infinity": 16
			}
		}
	}
}
